{"logTime": "0414/210242", "correlationVector":"HHkNkoIRJ2//ND04GSRJBq.1","action":"SyncServerConnectionManagerRequest", "result":"SYNC_SERVER_OK", "context":{"environment":"Prod_brazilsouth_prod-s01-034-sam-brazilsouth", "migrationStage":"NotStarted", "server":"akswtt02200002v"}}
{"logTime": "0414/210242", "correlationVector":"HHkNkoIRJ2//ND04GSRJBq.2","action":"ProcessGetUpdates", "result":"Done", "context":{"dataType":"Encryption Keys", "deleted":"0", "process_failed_to_decrypt":"0", "process_pending_decryption":"0", "process_success":"1", "total":"1"}}
{"logTime": "0414/210242", "correlationVector":"ZYcGa7A1+6UbiU69iaC4/3","action":"SyncServerConnectionManagerRequest", "result":"SYNC_SERVER_OK", "context":{"environment":"", "migrationStage":"", "server":""}}
{"logTime": "0414/210242", "correlationVector":"ZYcGa7A1+6UbiU69iaC4/3.0","action":"EncryptionKeysFetcher.DownloadKeys:", "result":"Success", "context":Key count: 4, Last key timestamp: 2025-10-26T18:17:41Z}
{"logTime": "0414/210242", "correlationVector":"ZYcGa7A1+6UbiU69iaC4/3.1","action":"EncryptionKeysManager::SetEncryptionKeys:", "result":"Success", "context":Key names[4]:[YP8kDiImrvKN2AjYk9KqfqKSxCUuJc85An44lf3KmJtX0GuAlHsIxSk9glfqiaTRJ68S5tZae9PtBZSKq8J/rg==][rEOMkJWkYCppRzBbnyQBCvlhNOuPqGbpbt4Px0XMPwNJqRTh7oMmtYAcxzkP+zzOpM7sIqYPiTii8cjgKxye8Q==][yyISQEy0TP/+iN391bnpYv2YSwuoLnmdYp+dEAN55MIQDb4wh+AUiAYhlk9k4OeFOQFdbT8xi0Ds/OyAKPLdRw==][+zdF/6xQ8YDrKNh9JJH2suWglmRj8/5vsOi5U2izj7xKHHbcweJN0Fvbrj+3JUmVvNBdC/AGLs1LEtqpURxuxw==]}
{"logTime": "0414/210242", "correlationVector":"ZYcGa7A1+6UbiU69iaC4/3.2","action":"EncryptionKeysManager::SetEncryptionKeysWithTimestamps:", "result":"Success", "context":Key timestamps[4]:[2021-02-18T15:10:52Z][2021-10-01T16:27:18Z][2022-04-05T14:39:16Z][2025-10-26T18:17:41Z]}
{"logTime": "0414/210242", "correlationVector":"HHkNkoIRJ2//ND04GSRJBq","action":"Initial GetUpdates", "result":"", "context":Reason: NEW_CLIENT. cV=HHkNkoIRJ2//ND04GSRJBq}
{"logTime": "0414/210242", "correlationVector":"HHkNkoIRJ2//ND04GSRJBq.3","action":"GetUpdates Response", "result":"Success", "context":Received 1 update(s). cV=HHkNkoIRJ2//ND04GSRJBq.0;server=akswtt02200002v;cloudType=Consumer;environment=Prod_brazilsouth_prod-s01-034-sam-brazilsouth;migrationStage=NotStarted}
{"logTime": "0414/210245", "correlationVector":"8W42FWR+TNkAAXFw0xKe1V","action":"Initial GetUpdates", "result":"", "context":Reason: NEW_CLIENT. cV=8W42FWR+TNkAAXFw0xKe1V}
{"logTime": "0414/210245", "correlationVector":"8W42FWR+TNkAAXFw0xKe1V.1","action":"SyncServerConnectionManagerRequest", "result":"SYNC_SERVER_OK", "context":{"environment":"Prod_brazilsouth_prod-s01-034-sam-brazilsouth", "migrationStage":"NotStarted", "server":"akswtt022000013"}}
{"logTime": "0414/210245", "correlationVector":"8W42FWR+TNkAAXFw0xKe1V.2","action":"ProcessGetUpdates", "result":"Done", "context":{"dataType":"Preferences", "deleted":"0", "process_failed_to_decrypt":"0", "process_pending_decryption":"0", "process_success":"56", "total":"56"}}
{"logTime": "0414/210245", "correlationVector":"8W42FWR+TNkAAXFw0xKe1V.3","action":"ProcessGetUpdates", "result":"Done", "context":{"dataType":"Passwords", "deleted":"0", "process_failed_to_decrypt":"0", "process_pending_decryption":"0", "process_success":"84", "total":"84"}}
{"logTime": "0414/210245", "correlationVector":"8W42FWR+TNkAAXFw0xKe1V.4","action":"ProcessGetUpdates", "result":"Done", "context":{"dataType":"Device Info", "deleted":"0", "process_failed_to_decrypt":"0", "process_pending_decryption":"0", "process_success":"37", "total":"37"}}
{"logTime": "0414/210245", "correlationVector":"8W42FWR+TNkAAXFw0xKe1V.5","action":"GetUpdates Response", "result":"Success", "context":Received 177 update(s). cV=8W42FWR+TNkAAXFw0xKe1V.0;server=akswtt022000013;cloudType=Consumer;environment=Prod_brazilsouth_prod-s01-034-sam-brazilsouth;migrationStage=NotStarted}
{"logTime": "0414/210245", "correlationVector":"txvDxTKfXhOBmAjnyunTJT","action":"Initial GetUpdates", "result":"", "context":Reason: NEW_CLIENT. cV=txvDxTKfXhOBmAjnyunTJT}
{"logTime": "0414/210246", "correlationVector":"txvDxTKfXhOBmAjnyunTJT.1","action":"SyncServerConnectionManagerRequest", "result":"SYNC_SERVER_OK", "context":{"environment":"Prod_brazilsouth_prod-s01-034-sam-brazilsouth", "migrationStage":"NotStarted", "server":"akswtt02200003x"}}
{"logTime": "0414/210246", "correlationVector":"txvDxTKfXhOBmAjnyunTJT.2","action":"ProcessGetUpdates", "result":"Done", "context":{"dataType":"Bookmarks", "deleted":"0", "process_failed_to_decrypt":"0", "process_pending_decryption":"0", "process_success":"6", "total":"6"}}
{"logTime": "0414/210246", "correlationVector":"txvDxTKfXhOBmAjnyunTJT.3","action":"GetUpdates Response", "result":"Success", "context":Received 6 update(s). cV=txvDxTKfXhOBmAjnyunTJT.0;server=akswtt02200003x;cloudType=Consumer;environment=Prod_brazilsouth_prod-s01-034-sam-brazilsouth;migrationStage=NotStarted}
{"logTime": "0414/210246", "correlationVector":"+St8JbnTPlID4tdnBFEvEH","action":"Initial GetUpdates", "result":"", "context":Reason: NEW_CLIENT. cV=+St8JbnTPlID4tdnBFEvEH}
{"logTime": "0414/210246", "correlationVector":"+St8JbnTPlID4tdnBFEvEH.1","action":"SyncServerConnectionManagerRequest", "result":"SYNC_SERVER_OK", "context":{"environment":"Prod_brazilsouth_prod-s01-034-sam-brazilsouth", "migrationStage":"NotStarted", "server":"akswtt02200000a"}}
{"logTime": "0414/210246", "correlationVector":"+St8JbnTPlID4tdnBFEvEH.2","action":"ProcessGetUpdates", "result":"Done", "context":{"dataType":"Autofill Profiles", "deleted":"0", "process_failed_to_decrypt":"0", "process_pending_decryption":"0", "process_success":"3", "total":"3"}}
{"logTime": "0414/210246", "correlationVector":"+St8JbnTPlID4tdnBFEvEH.3","action":"ProcessGetUpdates", "result":"Done", "context":{"dataType":"Autofill", "deleted":"0", "process_failed_to_decrypt":"0", "process_pending_decryption":"0", "process_success":"26", "total":"26"}}
{"logTime": "0414/210246", "correlationVector":"+St8JbnTPlID4tdnBFEvEH.4","action":"ProcessGetUpdates", "result":"Done", "context":{"dataType":"Sessions", "deleted":"0", "process_failed_to_decrypt":"0", "process_pending_decryption":"0", "process_success":"17", "total":"17"}}
{"logTime": "0414/210246", "correlationVector":"+St8JbnTPlID4tdnBFEvEH.5","action":"ProcessGetUpdates", "result":"Done", "context":{"dataType":"Edge Hub App Usage", "deleted":"0", "process_failed_to_decrypt":"0", "process_pending_decryption":"0", "process_success":"5", "total":"5"}}
{"logTime": "0414/210246", "correlationVector":"+St8JbnTPlID4tdnBFEvEH.6","action":"GetUpdates Response", "result":"Success", "context":Received 51 update(s). cV=+St8JbnTPlID4tdnBFEvEH.0;server=akswtt02200000a;cloudType=Consumer;environment=Prod_brazilsouth_prod-s01-034-sam-brazilsouth;migrationStage=NotStarted}
{"logTime": "0414/210246", "correlationVector":"h8r6myjGVwaZ6/EpMhUxFj","action":"Initial GetUpdates", "result":"", "context":Reason: NEW_CLIENT. cV=h8r6myjGVwaZ6/EpMhUxFj}
{"logTime": "0414/210246", "correlationVector":"h8r6myjGVwaZ6/EpMhUxFj.1","action":"SyncServerConnectionManagerRequest", "result":"SYNC_SERVER_OK", "context":{"environment":"Prod_brazilsouth_prod-s01-034-sam-brazilsouth", "migrationStage":"NotStarted", "server":"akswtt02200003x"}}
{"logTime": "0414/210246", "correlationVector":"h8r6myjGVwaZ6/EpMhUxFj.2","action":"ProcessGetUpdates", "result":"Done", "context":{"dataType":"History", "deleted":"0", "process_failed_to_decrypt":"0", "process_pending_decryption":"0", "process_success":"250", "total":"250"}}
{"logTime": "0414/210246", "correlationVector":"h8r6myjGVwaZ6/EpMhUxFj.3","action":"GetUpdates Response", "result":"Success", "context":Received 250 update(s). cV=h8r6myjGVwaZ6/EpMhUxFj.0;server=akswtt02200003x;cloudType=Consumer;environment=Prod_brazilsouth_prod-s01-034-sam-brazilsouth;migrationStage=NotStarted Some updates remain.}
{"logTime": "0414/210246", "correlationVector":"WbuD3whGvvfb6oFN21TsZC","action":"Initial GetUpdates", "result":"", "context":Reason: NEW_CLIENT. cV=WbuD3whGvvfb6oFN21TsZC}
{"logTime": "0414/210247", "correlationVector":"WbuD3whGvvfb6oFN21TsZC.1","action":"SyncServerConnectionManagerRequest", "result":"SYNC_SERVER_OK", "context":{"environment":"Prod_brazilsouth_prod-s01-034-sam-brazilsouth", "migrationStage":"NotStarted", "server":"akswtt02200000a"}}
{"logTime": "0414/210247", "correlationVector":"WbuD3whGvvfb6oFN21TsZC.2","action":"ProcessGetUpdates", "result":"Done", "context":{"dataType":"History", "deleted":"0", "process_failed_to_decrypt":"0", "process_pending_decryption":"0", "process_success":"250", "total":"250"}}
{"logTime": "0414/210247", "correlationVector":"WbuD3whGvvfb6oFN21TsZC.3","action":"GetUpdates Response", "result":"Success", "context":Received 250 update(s). cV=WbuD3whGvvfb6oFN21TsZC.0;server=akswtt02200000a;cloudType=Consumer;environment=Prod_brazilsouth_prod-s01-034-sam-brazilsouth;migrationStage=NotStarted Some updates remain.}
{"logTime": "0414/210247", "correlationVector":"W7v2nGfhXvJl5AckUs9AnR","action":"Initial GetUpdates", "result":"", "context":Reason: NEW_CLIENT. cV=W7v2nGfhXvJl5AckUs9AnR}
{"logTime": "0414/210247", "correlationVector":"W7v2nGfhXvJl5AckUs9AnR.1","action":"SyncServerConnectionManagerRequest", "result":"SYNC_SERVER_OK", "context":{"environment":"Prod_brazilsouth_prod-s01-034-sam-brazilsouth", "migrationStage":"NotStarted", "server":"akswtt02200000b"}}
{"logTime": "0414/210247", "correlationVector":"W7v2nGfhXvJl5AckUs9AnR.2","action":"ProcessGetUpdates", "result":"Done", "context":{"dataType":"History", "deleted":"0", "process_failed_to_decrypt":"0", "process_pending_decryption":"0", "process_success":"240", "total":"240"}}
{"logTime": "0414/210247", "correlationVector":"W7v2nGfhXvJl5AckUs9AnR.3","action":"GetUpdates Response", "result":"Success", "context":Received 240 update(s). cV=W7v2nGfhXvJl5AckUs9AnR.0;server=akswtt02200000b;cloudType=Consumer;environment=Prod_brazilsouth_prod-s01-034-sam-brazilsouth;migrationStage=NotStarted}
{"logTime": "0414/210247", "correlationVector":"QuOl5W2DZHsx7DAXuKlnol","action":"Normal GetUpdate request", "result":"", "context":cV=QuOl5W2DZHsx7DAXuKlnol
Nudged types: Sessions, Device Info, User Consents
Refresh requested types: Bookmarks, Preferences, Passwords, Autofill Profiles, Autofill, Extensions, Sessions, Extension settings, History Delete Directives, Device Info, User Consents, Send Tab To Self, Web Apps, History, Saved Tab Group, WebAuthn Credentials, Collection, Edge E Drop, Edge Hub App Usage, Edge Wallet, Edge Workspace, Encryption Keys}
{"logTime": "0414/210248", "correlationVector":"QuOl5W2DZHsx7DAXuKlnol.1","action":"SyncServerConnectionManagerRequest", "result":"SYNC_SERVER_OK", "context":{"environment":"Prod_brazilsouth_prod-s01-034-sam-brazilsouth", "migrationStage":"NotStarted", "server":"akswtt02200003y"}}
{"logTime": "0414/210248", "correlationVector":"QuOl5W2DZHsx7DAXuKlnol.2","action":"GetUpdates Response", "result":"Success", "context":Received 0 update(s). cV=QuOl5W2DZHsx7DAXuKlnol.0;server=akswtt02200003y;cloudType=Consumer;environment=Prod_brazilsouth_prod-s01-034-sam-brazilsouth;migrationStage=NotStarted}
{"logTime": "0414/210248", "correlationVector":"+HkZwNEipr0UwDjzzwzw7H","action":"DoCompareDataConsistency: ", "result":"has local changes and skip compare"}
{"logTime": "0414/210248", "correlationVector":"vQN8af3bD8rlWhAIjZw/yh","action":"Commit Request", "result":"", "context":Item count: 5
Contributing types: Sessions, Device Info, User Consents, History}
{"logTime": "0414/210248", "correlationVector":"vQN8af3bD8rlWhAIjZw/yh.1","action":"SyncServerConnectionManagerRequest", "result":"SYNC_SERVER_OK", "context":{"environment":"Prod_brazilsouth_prod-s01-034-sam-brazilsouth", "migrationStage":"NotStarted", "server":"akswtt02200002b"}}
{"logTime": "0414/210248", "correlationVector":"vQN8af3bD8rlWhAIjZw/yh.2","action":"Commit Response", "result":"Success", "context":Result: Success. cV=vQN8af3bD8rlWhAIjZw/yh.0;server=akswtt02200002b;cloudType=Consumer;environment=Prod_brazilsouth_prod-s01-034-sam-brazilsouth;migrationStage=NotStarted}
{"logTime": "0414/210310", "correlationVector":"45GhlJ632wXGU6/DcQTcad","action":"Commit Request", "result":"", "context":Item count: 4
Contributing types: Preferences, Sessions, History}
{"logTime": "0414/210310", "correlationVector":"45GhlJ632wXGU6/DcQTcad.1","action":"SyncServerConnectionManagerRequest", "result":"SYNC_SERVER_OK", "context":{"environment":"Prod_brazilsouth_prod-s01-034-sam-brazilsouth", "migrationStage":"NotStarted", "server":"akswtt02200003x"}}
{"logTime": "0414/210310", "correlationVector":"45GhlJ632wXGU6/DcQTcad.2","action":"Commit Response", "result":"Success", "context":Result: Success. cV=45GhlJ632wXGU6/DcQTcad.0;server=akswtt02200003x;cloudType=Consumer;environment=Prod_brazilsouth_prod-s01-034-sam-brazilsouth;migrationStage=NotStarted}
{"logTime": "0414/210338", "correlationVector":"FLWoM4R8h1GmpWfOpzmpbi","action":"Commit Request", "result":"", "context":Item count: 40
Contributing types: Passwords}
{"logTime": "0414/210340", "correlationVector":"FLWoM4R8h1GmpWfOpzmpbi.1","action":"SyncServerConnectionManagerRequest", "result":"SYNC_SERVER_OK", "context":{"environment":"Prod_brazilsouth_prod-s01-034-sam-brazilsouth", "migrationStage":"NotStarted", "server":"akswtt02200003c"}}
{"logTime": "0414/210340", "correlationVector":"FLWoM4R8h1GmpWfOpzmpbi.2","action":"Commit Response", "result":"Success", "context":Result: Success. cV=FLWoM4R8h1GmpWfOpzmpbi.0;server=akswtt02200003c;cloudType=Consumer;environment=Prod_brazilsouth_prod-s01-034-sam-brazilsouth;migrationStage=NotStarted}
{"logTime": "0414/210340", "correlationVector":"Yd1pfv/1FgYOk+8UFbyT9Z","action":"Commit Request", "result":"", "context":Item count: 40
Contributing types: Passwords}
{"logTime": "0414/210343", "correlationVector":"Yd1pfv/1FgYOk+8UFbyT9Z.1","action":"SyncServerConnectionManagerRequest", "result":"SYNC_SERVER_OK", "context":{"environment":"Prod_brazilsouth_prod-s01-034-sam-brazilsouth", "migrationStage":"NotStarted", "server":"akswtt02200004f"}}
{"logTime": "0414/210343", "correlationVector":"Yd1pfv/1FgYOk+8UFbyT9Z.2","action":"Commit Response", "result":"Success", "context":Result: Success. cV=Yd1pfv/1FgYOk+8UFbyT9Z.0;server=akswtt02200004f;cloudType=Consumer;environment=Prod_brazilsouth_prod-s01-034-sam-brazilsouth;migrationStage=NotStarted}
{"logTime": "0414/210343", "correlationVector":"N107X3HlSNsJbEfwSralSZ","action":"Commit Request", "result":"", "context":Item count: 4
Contributing types: Passwords}
{"logTime": "0414/210343", "correlationVector":"N107X3HlSNsJbEfwSralSZ.1","action":"SyncServerConnectionManagerRequest", "result":"SYNC_SERVER_OK", "context":{"environment":"Prod_brazilsouth_prod-s01-034-sam-brazilsouth", "migrationStage":"NotStarted", "server":"akswtt02200001i"}}
{"logTime": "0414/210343", "correlationVector":"N107X3HlSNsJbEfwSralSZ.2","action":"Commit Response", "result":"Success", "context":Result: Success. cV=N107X3HlSNsJbEfwSralSZ.0;server=akswtt02200001i;cloudType=Consumer;environment=Prod_brazilsouth_prod-s01-034-sam-brazilsouth;migrationStage=NotStarted}
{"logTime": "0414/210452", "correlationVector":"B9oscDgpEsj0H14hgSZ1gb","action":"Commit Request", "result":"", "context":Item count: 3
Contributing types: Preferences, Passwords, History}
{"logTime": "0414/210452", "correlationVector":"B9oscDgpEsj0H14hgSZ1gb.1","action":"SyncServerConnectionManagerRequest", "result":"SYNC_SERVER_OK", "context":{"environment":"Prod_brazilsouth_prod-s01-034-sam-brazilsouth", "migrationStage":"NotStarted", "server":"akswtt02200000w"}}
{"logTime": "0414/210452", "correlationVector":"B9oscDgpEsj0H14hgSZ1gb.2","action":"Commit Response", "result":"Success", "context":Result: Success. cV=B9oscDgpEsj0H14hgSZ1gb.0;server=akswtt02200000w;cloudType=Consumer;environment=Prod_brazilsouth_prod-s01-034-sam-brazilsouth;migrationStage=NotStarted}
{"logTime": "0414/210937", "correlationVector":"skfYiesZHC/dB0fQSJ9rld.1","action":"SyncServerConnectionManagerRequest", "result":"SYNC_SERVER_OK", "context":{"environment":"Prod_brazilsouth_prod-s01-034-sam-brazilsouth", "migrationStage":"NotStarted", "server":"akswtt022000039"}}
{"logTime": "0414/210937", "correlationVector":"skfYiesZHC/dB0fQSJ9rld.2","action":"ProcessGetUpdates", "result":"Done", "context":{"dataType":"Encryption Keys", "deleted":"0", "process_failed_to_decrypt":"0", "process_pending_decryption":"0", "process_success":"1", "total":"1"}}
{"logTime": "0414/210937", "correlationVector":"KZBrWz/U4LxJszq0qhFnDd","action":"SyncServerConnectionManagerRequest", "result":"SYNC_SERVER_OK", "context":{"environment":"", "migrationStage":"", "server":""}}
{"logTime": "0414/210937", "correlationVector":"KZBrWz/U4LxJszq0qhFnDd.0","action":"EncryptionKeysFetcher.DownloadKeys:", "result":"Success", "context":Key count: 4, Last key timestamp: 2025-10-26T18:17:41Z}
{"logTime": "0414/210937", "correlationVector":"KZBrWz/U4LxJszq0qhFnDd.1","action":"EncryptionKeysManager::SetEncryptionKeys:", "result":"Success", "context":Key names[4]:[YP8kDiImrvKN2AjYk9KqfqKSxCUuJc85An44lf3KmJtX0GuAlHsIxSk9glfqiaTRJ68S5tZae9PtBZSKq8J/rg==][rEOMkJWkYCppRzBbnyQBCvlhNOuPqGbpbt4Px0XMPwNJqRTh7oMmtYAcxzkP+zzOpM7sIqYPiTii8cjgKxye8Q==][yyISQEy0TP/+iN391bnpYv2YSwuoLnmdYp+dEAN55MIQDb4wh+AUiAYhlk9k4OeFOQFdbT8xi0Ds/OyAKPLdRw==][+zdF/6xQ8YDrKNh9JJH2suWglmRj8/5vsOi5U2izj7xKHHbcweJN0Fvbrj+3JUmVvNBdC/AGLs1LEtqpURxuxw==]}
{"logTime": "0414/210937", "correlationVector":"KZBrWz/U4LxJszq0qhFnDd.2","action":"EncryptionKeysManager::SetEncryptionKeysWithTimestamps:", "result":"Success", "context":Key timestamps[4]:[2021-02-18T15:10:52Z][2021-10-01T16:27:18Z][2022-04-05T14:39:16Z][2025-10-26T18:17:41Z]}
{"logTime": "0414/210937", "correlationVector":"skfYiesZHC/dB0fQSJ9rld","action":"Initial GetUpdates", "result":"", "context":Reason: NEW_CLIENT. cV=skfYiesZHC/dB0fQSJ9rld}
{"logTime": "0414/210937", "correlationVector":"skfYiesZHC/dB0fQSJ9rld.3","action":"GetUpdates Response", "result":"Success", "context":Received 1 update(s). cV=skfYiesZHC/dB0fQSJ9rld.0;server=akswtt022000039;cloudType=Consumer;environment=Prod_brazilsouth_prod-s01-034-sam-brazilsouth;migrationStage=NotStarted}
{"logTime": "0414/211602", "correlationVector":"J2Iz9zlKbKQkZEOzx//UT/.1","action":"SyncServerConnectionManagerRequest", "result":"SYNC_SERVER_OK", "context":{"environment":"Prod_brazilsouth_prod-s01-001-sam-brazilsouth", "migrationStage":"NotStarted", "server":"akswtt003000015"}}
{"logTime": "0414/211602", "correlationVector":"J2Iz9zlKbKQkZEOzx//UT/.2","action":"ProcessGetUpdates", "result":"Done", "context":{"dataType":"Encryption Keys", "deleted":"0", "process_failed_to_decrypt":"0", "process_pending_decryption":"0", "process_success":"1", "total":"1"}}
{"logTime": "0414/211603", "correlationVector":"8PdOhF40PH6kO38S4fiAwq","action":"SyncServerConnectionManagerRequest", "result":"SYNC_SERVER_OK", "context":{"environment":"", "migrationStage":"", "server":""}}
{"logTime": "0414/211603", "correlationVector":"8PdOhF40PH6kO38S4fiAwq.0","action":"EncryptionKeysFetcher.DownloadKeys:", "result":"Success", "context":Key count: 4, Last key timestamp: 2025-10-26T18:17:41Z}
{"logTime": "0414/211603", "correlationVector":"8PdOhF40PH6kO38S4fiAwq.1","action":"EncryptionKeysManager::SetEncryptionKeys:", "result":"Success", "context":Key names[4]:[YP8kDiImrvKN2AjYk9KqfqKSxCUuJc85An44lf3KmJtX0GuAlHsIxSk9glfqiaTRJ68S5tZae9PtBZSKq8J/rg==][rEOMkJWkYCppRzBbnyQBCvlhNOuPqGbpbt4Px0XMPwNJqRTh7oMmtYAcxzkP+zzOpM7sIqYPiTii8cjgKxye8Q==][yyISQEy0TP/+iN391bnpYv2YSwuoLnmdYp+dEAN55MIQDb4wh+AUiAYhlk9k4OeFOQFdbT8xi0Ds/OyAKPLdRw==][+zdF/6xQ8YDrKNh9JJH2suWglmRj8/5vsOi5U2izj7xKHHbcweJN0Fvbrj+3JUmVvNBdC/AGLs1LEtqpURxuxw==]}
{"logTime": "0414/211603", "correlationVector":"8PdOhF40PH6kO38S4fiAwq.2","action":"EncryptionKeysManager::SetEncryptionKeysWithTimestamps:", "result":"Success", "context":Key timestamps[4]:[2021-02-18T15:10:52Z][2021-10-01T16:27:18Z][2022-04-05T14:39:16Z][2025-10-26T18:17:41Z]}
{"logTime": "0414/211603", "correlationVector":"J2Iz9zlKbKQkZEOzx//UT/","action":"Initial GetUpdates", "result":"", "context":Reason: NEW_CLIENT. cV=J2Iz9zlKbKQkZEOzx//UT/}
{"logTime": "0414/211603", "correlationVector":"J2Iz9zlKbKQkZEOzx//UT/.3","action":"GetUpdates Response", "result":"Success", "context":Received 1 update(s). cV=J2Iz9zlKbKQkZEOzx//UT/.0;server=akswtt003000015;cloudType=Consumer;environment=Prod_brazilsouth_prod-s01-001-sam-brazilsouth;migrationStage=NotStarted}
{"logTime": "0414/211606", "correlationVector":"A1GmJ78TfVbh9go1++v3H0","action":"Initial GetUpdates", "result":"", "context":Reason: RECONFIGURATION. cV=A1GmJ78TfVbh9go1++v3H0}
{"logTime": "0414/211607", "correlationVector":"A1GmJ78TfVbh9go1++v3H0.1","action":"SyncServerConnectionManagerRequest", "result":"SYNC_SERVER_OK", "context":{"environment":"Prod_brazilsouth_prod-s01-001-sam-brazilsouth", "migrationStage":"NotStarted", "server":"akswtt00300000p"}}
{"logTime": "0414/211607", "correlationVector":"A1GmJ78TfVbh9go1++v3H0.2","action":"ProcessGetUpdates", "result":"Done", "context":{"dataType":"Preferences", "deleted":"0", "process_failed_to_decrypt":"0", "process_pending_decryption":"0", "process_success":"56", "total":"56"}}
{"logTime": "0414/211607", "correlationVector":"A1GmJ78TfVbh9go1++v3H0.3","action":"ProcessGetUpdates", "result":"Done", "context":{"dataType":"Passwords", "deleted":"0", "process_failed_to_decrypt":"0", "process_pending_decryption":"0", "process_success":"85", "total":"85"}}
{"logTime": "0414/211607", "correlationVector":"A1GmJ78TfVbh9go1++v3H0.4","action":"ProcessGetUpdates", "result":"Done", "context":{"dataType":"Device Info", "deleted":"0", "process_failed_to_decrypt":"0", "process_pending_decryption":"0", "process_success":"38", "total":"38"}}
{"logTime": "0414/211607", "correlationVector":"A1GmJ78TfVbh9go1++v3H0.5","action":"GetUpdates Response", "result":"Success", "context":Received 179 update(s). cV=A1GmJ78TfVbh9go1++v3H0.0;server=akswtt00300000p;cloudType=Consumer;environment=Prod_brazilsouth_prod-s01-001-sam-brazilsouth;migrationStage=NotStarted}
{"logTime": "0414/211607", "correlationVector":"sunOhIu9fHBfmNsyM/vHvY","action":"Initial GetUpdates", "result":"", "context":Reason: RECONFIGURATION. cV=sunOhIu9fHBfmNsyM/vHvY}
{"logTime": "0414/211607", "correlationVector":"sunOhIu9fHBfmNsyM/vHvY.1","action":"SyncServerConnectionManagerRequest", "result":"SYNC_SERVER_OK", "context":{"environment":"Prod_brazilsouth_prod-s01-001-sam-brazilsouth", "migrationStage":"NotStarted", "server":"akswtt00300000q"}}
{"logTime": "0414/211607", "correlationVector":"sunOhIu9fHBfmNsyM/vHvY.2","action":"ProcessGetUpdates", "result":"Done", "context":{"dataType":"Bookmarks", "deleted":"0", "process_failed_to_decrypt":"0", "process_pending_decryption":"0", "process_success":"6", "total":"6"}}
{"logTime": "0414/211607", "correlationVector":"sunOhIu9fHBfmNsyM/vHvY.3","action":"GetUpdates Response", "result":"Success", "context":Received 6 update(s). cV=sunOhIu9fHBfmNsyM/vHvY.0;server=akswtt00300000q;cloudType=Consumer;environment=Prod_brazilsouth_prod-s01-001-sam-brazilsouth;migrationStage=NotStarted}
{"logTime": "0414/211607", "correlationVector":"5TFoltbQ4FM6HgTIbIA3pU","action":"Initial GetUpdates", "result":"", "context":Reason: RECONFIGURATION. cV=5TFoltbQ4FM6HgTIbIA3pU}
{"logTime": "0414/211607", "correlationVector":"5TFoltbQ4FM6HgTIbIA3pU.1","action":"SyncServerConnectionManagerRequest", "result":"SYNC_SERVER_OK", "context":{"environment":"Prod_brazilsouth_prod-s01-001-sam-brazilsouth", "migrationStage":"NotStarted", "server":"akswtt00300000s"}}
{"logTime": "0414/211607", "correlationVector":"5TFoltbQ4FM6HgTIbIA3pU.2","action":"ProcessGetUpdates", "result":"Done", "context":{"dataType":"Autofill Profiles", "deleted":"0", "process_failed_to_decrypt":"0", "process_pending_decryption":"0", "process_success":"3", "total":"3"}}
{"logTime": "0414/211607", "correlationVector":"5TFoltbQ4FM6HgTIbIA3pU.3","action":"ProcessGetUpdates", "result":"Done", "context":{"dataType":"Autofill", "deleted":"0", "process_failed_to_decrypt":"0", "process_pending_decryption":"0", "process_success":"26", "total":"26"}}
{"logTime": "0414/211607", "correlationVector":"5TFoltbQ4FM6HgTIbIA3pU.4","action":"ProcessGetUpdates", "result":"Done", "context":{"dataType":"Sessions", "deleted":"122", "process_failed_to_decrypt":"0", "process_pending_decryption":"0", "process_success":"141", "total":"141"}}
{"logTime": "0414/211607", "correlationVector":"5TFoltbQ4FM6HgTIbIA3pU.5","action":"ProcessGetUpdates", "result":"Done", "context":{"dataType":"Edge Hub App Usage", "deleted":"4", "process_failed_to_decrypt":"0", "process_pending_decryption":"0", "process_success":"9", "total":"9"}}
{"logTime": "0414/211607", "correlationVector":"5TFoltbQ4FM6HgTIbIA3pU.6","action":"GetUpdates Response", "result":"Success", "context":Received 179 update(s). cV=5TFoltbQ4FM6HgTIbIA3pU.0;server=akswtt00300000s;cloudType=Consumer;environment=Prod_brazilsouth_prod-s01-001-sam-brazilsouth;migrationStage=NotStarted}
{"logTime": "0414/211607", "correlationVector":"ov4gLmjZEWguMgjMSSZqf1","action":"Initial GetUpdates", "result":"", "context":Reason: RECONFIGURATION. cV=ov4gLmjZEWguMgjMSSZqf1}
{"logTime": "0414/211608", "correlationVector":"ov4gLmjZEWguMgjMSSZqf1.1","action":"SyncServerConnectionManagerRequest", "result":"SYNC_SERVER_OK", "context":{"environment":"Prod_brazilsouth_prod-s01-001-sam-brazilsouth", "migrationStage":"NotStarted", "server":"akswtt003000005"}}
{"logTime": "0414/211608", "correlationVector":"ov4gLmjZEWguMgjMSSZqf1.2","action":"ProcessGetUpdates", "result":"Done", "context":{"dataType":"History", "deleted":"0", "process_failed_to_decrypt":"0", "process_pending_decryption":"0", "process_success":"250", "total":"250"}}
{"logTime": "0414/211608", "correlationVector":"ov4gLmjZEWguMgjMSSZqf1.3","action":"GetUpdates Response", "result":"Success", "context":Received 250 update(s). cV=ov4gLmjZEWguMgjMSSZqf1.0;server=akswtt003000005;cloudType=Consumer;environment=Prod_brazilsouth_prod-s01-001-sam-brazilsouth;migrationStage=NotStarted Some updates remain.}
{"logTime": "0414/211608", "correlationVector":"RE+JfcWmXZQQrUOjJ0aGoH","action":"Initial GetUpdates", "result":"", "context":Reason: RECONFIGURATION. cV=RE+JfcWmXZQQrUOjJ0aGoH}
{"logTime": "0414/211608", "correlationVector":"RE+JfcWmXZQQrUOjJ0aGoH.1","action":"SyncServerConnectionManagerRequest", "result":"SYNC_SERVER_OK", "context":{"environment":"Prod_brazilsouth_prod-s01-001-sam-brazilsouth", "migrationStage":"NotStarted", "server":"akswtt003000008"}}
{"logTime": "0414/211608", "correlationVector":"RE+JfcWmXZQQrUOjJ0aGoH.2","action":"ProcessGetUpdates", "result":"Done", "context":{"dataType":"History", "deleted":"0", "process_failed_to_decrypt":"0", "process_pending_decryption":"0", "process_success":"250", "total":"250"}}
{"logTime": "0414/211608", "correlationVector":"RE+JfcWmXZQQrUOjJ0aGoH.3","action":"GetUpdates Response", "result":"Success", "context":Received 250 update(s). cV=RE+JfcWmXZQQrUOjJ0aGoH.0;server=akswtt003000008;cloudType=Consumer;environment=Prod_brazilsouth_prod-s01-001-sam-brazilsouth;migrationStage=NotStarted Some updates remain.}
{"logTime": "0414/211608", "correlationVector":"8haymELL7ubLM/0GFa32zR","action":"Initial GetUpdates", "result":"", "context":Reason: RECONFIGURATION. cV=8haymELL7ubLM/0GFa32zR}
{"logTime": "0414/211609", "correlationVector":"8haymELL7ubLM/0GFa32zR.1","action":"SyncServerConnectionManagerRequest", "result":"SYNC_SERVER_OK", "context":{"environment":"Prod_brazilsouth_prod-s01-001-sam-brazilsouth", "migrationStage":"NotStarted", "server":"akswtt00300000q"}}
{"logTime": "0414/211609", "correlationVector":"8haymELL7ubLM/0GFa32zR.2","action":"ProcessGetUpdates", "result":"Done", "context":{"dataType":"History", "deleted":"0", "process_failed_to_decrypt":"0", "process_pending_decryption":"0", "process_success":"242", "total":"242"}}
{"logTime": "0414/211609", "correlationVector":"8haymELL7ubLM/0GFa32zR.3","action":"GetUpdates Response", "result":"Success", "context":Received 242 update(s). cV=8haymELL7ubLM/0GFa32zR.0;server=akswtt00300000q;cloudType=Consumer;environment=Prod_brazilsouth_prod-s01-001-sam-brazilsouth;migrationStage=NotStarted}
{"logTime": "0414/211609", "correlationVector":"hbLrrlACzzk0xlkAW8NJK3","action":"Normal GetUpdate request", "result":"", "context":cV=hbLrrlACzzk0xlkAW8NJK3
Nudged types: Sessions, Device Info
Refresh requested types: Bookmarks, Preferences, Passwords, Autofill Profiles, Autofill, Extensions, Sessions, Extension settings, History Delete Directives, Device Info, User Consents, Send Tab To Self, Web Apps, History, Saved Tab Group, WebAuthn Credentials, Collection, Edge E Drop, Edge Hub App Usage, Edge Wallet, Edge Workspace, Encryption Keys}
{"logTime": "0414/211609", "correlationVector":"hbLrrlACzzk0xlkAW8NJK3.1","action":"SyncServerConnectionManagerRequest", "result":"SYNC_SERVER_OK", "context":{"environment":"Prod_brazilsouth_prod-s01-001-sam-brazilsouth", "migrationStage":"NotStarted", "server":"akswtt00300000q"}}
{"logTime": "0414/211609", "correlationVector":"hbLrrlACzzk0xlkAW8NJK3.2","action":"GetUpdates Response", "result":"Success", "context":Received 0 update(s). cV=hbLrrlACzzk0xlkAW8NJK3.0;server=akswtt00300000q;cloudType=Consumer;environment=Prod_brazilsouth_prod-s01-001-sam-brazilsouth;migrationStage=NotStarted}
{"logTime": "0414/211609", "correlationVector":"yaTJMWcUJXhvLxDzJhLvxp","action":"Commit Request", "result":"", "context":Item count: 3
Contributing types: Sessions, Device Info}
{"logTime": "0414/211609", "correlationVector":"yaTJMWcUJXhvLxDzJhLvxp.1","action":"SyncServerConnectionManagerRequest", "result":"SYNC_SERVER_OK", "context":{"environment":"Prod_brazilsouth_prod-s01-001-sam-brazilsouth", "migrationStage":"NotStarted", "server":"akswtt00300000q"}}
{"logTime": "0414/211609", "correlationVector":"yaTJMWcUJXhvLxDzJhLvxp.2","action":"Commit Response", "result":"Success", "context":Result: Success. cV=yaTJMWcUJXhvLxDzJhLvxp.0;server=akswtt00300000q;cloudType=Consumer;environment=Prod_brazilsouth_prod-s01-001-sam-brazilsouth;migrationStage=NotStarted}
{"logTime": "0414/211626", "correlationVector":"+8GFPvc3guz754c+eR6TWS","action":"Commit Request", "result":"", "context":Item count: 6
Contributing types: Preferences, Passwords, Sessions, History}
{"logTime": "0414/211626", "correlationVector":"+8GFPvc3guz754c+eR6TWS.1","action":"SyncServerConnectionManagerRequest", "result":"SYNC_SERVER_OK", "context":{"environment":"Prod_brazilsouth_prod-s01-001-sam-brazilsouth", "migrationStage":"NotStarted", "server":"akswtt00300000q"}}
{"logTime": "0414/211626", "correlationVector":"+8GFPvc3guz754c+eR6TWS.2","action":"Commit Response", "result":"Success", "context":Result: Success. cV=+8GFPvc3guz754c+eR6TWS.0;server=akswtt00300000q;cloudType=Consumer;environment=Prod_brazilsouth_prod-s01-001-sam-brazilsouth;migrationStage=NotStarted}
{"logTime": "0415/052236", "correlationVector":"MYpyXNDamP6FL+BpfSUha2.1","action":"SyncServerConnectionManagerRequest", "result":"SYNC_SERVER_OK", "context":{"environment":"Prod_brazilsouth_prod-s01-034-sam-brazilsouth", "migrationStage":"NotStarted", "server":"akswtt10000000h"}}
{"logTime": "0415/052236", "correlationVector":"MYpyXNDamP6FL+BpfSUha2.2","action":"ProcessGetUpdates", "result":"Done", "context":{"dataType":"Encryption Keys", "deleted":"0", "process_failed_to_decrypt":"0", "process_pending_decryption":"0", "process_success":"1", "total":"1"}}
{"logTime": "0415/052237", "correlationVector":"zYe00tYvxgV59jbwD1KkKy","action":"SyncServerConnectionManagerRequest", "result":"SYNC_SERVER_OK", "context":{"environment":"", "migrationStage":"", "server":""}}
{"logTime": "0415/052237", "correlationVector":"zYe00tYvxgV59jbwD1KkKy.0","action":"EncryptionKeysFetcher.DownloadKeys:", "result":"Success", "context":Key count: 4, Last key timestamp: 2025-10-26T18:17:41Z}
{"logTime": "0415/052237", "correlationVector":"zYe00tYvxgV59jbwD1KkKy.1","action":"EncryptionKeysManager::SetEncryptionKeys:", "result":"Success", "context":Key names[4]:[YP8kDiImrvKN2AjYk9KqfqKSxCUuJc85An44lf3KmJtX0GuAlHsIxSk9glfqiaTRJ68S5tZae9PtBZSKq8J/rg==][rEOMkJWkYCppRzBbnyQBCvlhNOuPqGbpbt4Px0XMPwNJqRTh7oMmtYAcxzkP+zzOpM7sIqYPiTii8cjgKxye8Q==][yyISQEy0TP/+iN391bnpYv2YSwuoLnmdYp+dEAN55MIQDb4wh+AUiAYhlk9k4OeFOQFdbT8xi0Ds/OyAKPLdRw==][+zdF/6xQ8YDrKNh9JJH2suWglmRj8/5vsOi5U2izj7xKHHbcweJN0Fvbrj+3JUmVvNBdC/AGLs1LEtqpURxuxw==]}
{"logTime": "0415/052237", "correlationVector":"zYe00tYvxgV59jbwD1KkKy.2","action":"EncryptionKeysManager::SetEncryptionKeysWithTimestamps:", "result":"Success", "context":Key timestamps[4]:[2021-02-18T15:10:52Z][2021-10-01T16:27:18Z][2022-04-05T14:39:16Z][2025-10-26T18:17:41Z]}
{"logTime": "0415/052237", "correlationVector":"MYpyXNDamP6FL+BpfSUha2","action":"Initial GetUpdates", "result":"", "context":Reason: NEW_CLIENT. cV=MYpyXNDamP6FL+BpfSUha2}
{"logTime": "0415/052237", "correlationVector":"MYpyXNDamP6FL+BpfSUha2.3","action":"GetUpdates Response", "result":"Success", "context":Received 1 update(s). cV=MYpyXNDamP6FL+BpfSUha2.0;server=akswtt10000000h;cloudType=Consumer;environment=Prod_brazilsouth_prod-s01-034-sam-brazilsouth;migrationStage=NotStarted}
{"logTime": "0415/053856", "correlationVector":"5Zr+XBDf/+P3kISV1oZFir.1","action":"SyncServerConnectionManagerRequest", "result":"SYNC_SERVER_OK", "context":{"environment":"Prod_brazilsouth_prod-s01-001-sam-brazilsouth", "migrationStage":"NotStarted", "server":"akswtt00300000q"}}
{"logTime": "0415/053856", "correlationVector":"5Zr+XBDf/+P3kISV1oZFir.2","action":"ProcessGetUpdates", "result":"Done", "context":{"dataType":"Encryption Keys", "deleted":"0", "process_failed_to_decrypt":"0", "process_pending_decryption":"0", "process_success":"1", "total":"1"}}
{"logTime": "0415/053856", "correlationVector":"SElPjIwkPL1EMgQZHZuh2Y","action":"SyncServerConnectionManagerRequest", "result":"SYNC_SERVER_OK", "context":{"environment":"", "migrationStage":"", "server":""}}
{"logTime": "0415/053856", "correlationVector":"SElPjIwkPL1EMgQZHZuh2Y.0","action":"EncryptionKeysFetcher.DownloadKeys:", "result":"Success", "context":Key count: 4, Last key timestamp: 2025-10-26T18:17:41Z}
{"logTime": "0415/053856", "correlationVector":"SElPjIwkPL1EMgQZHZuh2Y.1","action":"EncryptionKeysManager::SetEncryptionKeys:", "result":"Success", "context":Key names[4]:[YP8kDiImrvKN2AjYk9KqfqKSxCUuJc85An44lf3KmJtX0GuAlHsIxSk9glfqiaTRJ68S5tZae9PtBZSKq8J/rg==][rEOMkJWkYCppRzBbnyQBCvlhNOuPqGbpbt4Px0XMPwNJqRTh7oMmtYAcxzkP+zzOpM7sIqYPiTii8cjgKxye8Q==][yyISQEy0TP/+iN391bnpYv2YSwuoLnmdYp+dEAN55MIQDb4wh+AUiAYhlk9k4OeFOQFdbT8xi0Ds/OyAKPLdRw==][+zdF/6xQ8YDrKNh9JJH2suWglmRj8/5vsOi5U2izj7xKHHbcweJN0Fvbrj+3JUmVvNBdC/AGLs1LEtqpURxuxw==]}
{"logTime": "0415/053856", "correlationVector":"SElPjIwkPL1EMgQZHZuh2Y.2","action":"EncryptionKeysManager::SetEncryptionKeysWithTimestamps:", "result":"Success", "context":Key timestamps[4]:[2021-02-18T15:10:52Z][2021-10-01T16:27:18Z][2022-04-05T14:39:16Z][2025-10-26T18:17:41Z]}
{"logTime": "0415/053856", "correlationVector":"5Zr+XBDf/+P3kISV1oZFir","action":"Initial GetUpdates", "result":"", "context":Reason: NEW_CLIENT. cV=5Zr+XBDf/+P3kISV1oZFir}
{"logTime": "0415/053856", "correlationVector":"5Zr+XBDf/+P3kISV1oZFir.3","action":"GetUpdates Response", "result":"Success", "context":Received 1 update(s). cV=5Zr+XBDf/+P3kISV1oZFir.0;server=akswtt00300000q;cloudType=Consumer;environment=Prod_brazilsouth_prod-s01-001-sam-brazilsouth;migrationStage=NotStarted}
{"logTime": "0415/053859", "correlationVector":"QnV7Q9iUSWzj6lHOMp1rYd","action":"Initial GetUpdates", "result":"", "context":Reason: RECONFIGURATION. cV=QnV7Q9iUSWzj6lHOMp1rYd}
{"logTime": "0415/053900", "correlationVector":"QnV7Q9iUSWzj6lHOMp1rYd.1","action":"SyncServerConnectionManagerRequest", "result":"SYNC_SERVER_OK", "context":{"environment":"Prod_brazilsouth_prod-s01-034-sam-brazilsouth", "migrationStage":"NotStarted", "server":"akswtt100000002"}}
{"logTime": "0415/053900", "correlationVector":"QnV7Q9iUSWzj6lHOMp1rYd.2","action":"ProcessGetUpdates", "result":"Done", "context":{"dataType":"Preferences", "deleted":"0", "process_failed_to_decrypt":"0", "process_pending_decryption":"0", "process_success":"56", "total":"56"}}
{"logTime": "0415/053900", "correlationVector":"QnV7Q9iUSWzj6lHOMp1rYd.3","action":"ProcessGetUpdates", "result":"Done", "context":{"dataType":"Passwords", "deleted":"0", "process_failed_to_decrypt":"0", "process_pending_decryption":"0", "process_success":"86", "total":"86"}}
{"logTime": "0415/053900", "correlationVector":"QnV7Q9iUSWzj6lHOMp1rYd.4","action":"ProcessGetUpdates", "result":"Done", "context":{"dataType":"Device Info", "deleted":"0", "process_failed_to_decrypt":"0", "process_pending_decryption":"0", "process_success":"38", "total":"38"}}
{"logTime": "0415/053900", "correlationVector":"QnV7Q9iUSWzj6lHOMp1rYd.5","action":"GetUpdates Response", "result":"Success", "context":Received 180 update(s). cV=QnV7Q9iUSWzj6lHOMp1rYd.0;server=akswtt100000002;cloudType=Consumer;environment=Prod_brazilsouth_prod-s01-034-sam-brazilsouth;migrationStage=NotStarted}
{"logTime": "0415/053900", "correlationVector":"8i0NRlJLNHUfYvIeWu5RFy","action":"Initial GetUpdates", "result":"", "context":Reason: RECONFIGURATION. cV=8i0NRlJLNHUfYvIeWu5RFy}
{"logTime": "0415/053901", "correlationVector":"8i0NRlJLNHUfYvIeWu5RFy.1","action":"SyncServerConnectionManagerRequest", "result":"SYNC_SERVER_OK", "context":{"environment":"Prod_brazilsouth_prod-s01-034-sam-brazilsouth", "migrationStage":"NotStarted", "server":"akswtt100000004"}}
{"logTime": "0415/053901", "correlationVector":"8i0NRlJLNHUfYvIeWu5RFy.2","action":"ProcessGetUpdates", "result":"Done", "context":{"dataType":"Bookmarks", "deleted":"0", "process_failed_to_decrypt":"0", "process_pending_decryption":"0", "process_success":"6", "total":"6"}}
{"logTime": "0415/053901", "correlationVector":"8i0NRlJLNHUfYvIeWu5RFy.3","action":"GetUpdates Response", "result":"Success", "context":Received 6 update(s). cV=8i0NRlJLNHUfYvIeWu5RFy.0;server=akswtt100000004;cloudType=Consumer;environment=Prod_brazilsouth_prod-s01-034-sam-brazilsouth;migrationStage=NotStarted}
{"logTime": "0415/053901", "correlationVector":"8tB+JskJ4NPUD+Q1H5sCU9","action":"Initial GetUpdates", "result":"", "context":Reason: RECONFIGURATION. cV=8tB+JskJ4NPUD+Q1H5sCU9}
{"logTime": "0415/053901", "correlationVector":"8tB+JskJ4NPUD+Q1H5sCU9.1","action":"SyncServerConnectionManagerRequest", "result":"SYNC_SERVER_OK", "context":{"environment":"Prod_brazilsouth_prod-s01-034-sam-brazilsouth", "migrationStage":"NotStarted", "server":"akswtt100000006"}}
{"logTime": "0415/053901", "correlationVector":"8tB+JskJ4NPUD+Q1H5sCU9.2","action":"ProcessGetUpdates", "result":"Done", "context":{"dataType":"Autofill Profiles", "deleted":"0", "process_failed_to_decrypt":"0", "process_pending_decryption":"0", "process_success":"3", "total":"3"}}
{"logTime": "0415/053901", "correlationVector":"8tB+JskJ4NPUD+Q1H5sCU9.3","action":"ProcessGetUpdates", "result":"Done", "context":{"dataType":"Autofill", "deleted":"0", "process_failed_to_decrypt":"0", "process_pending_decryption":"0", "process_success":"26", "total":"26"}}
{"logTime": "0415/053901", "correlationVector":"8tB+JskJ4NPUD+Q1H5sCU9.4","action":"ProcessGetUpdates", "result":"Done", "context":{"dataType":"Sessions", "deleted":"122", "process_failed_to_decrypt":"0", "process_pending_decryption":"0", "process_success":"141", "total":"141"}}
{"logTime": "0415/053901", "correlationVector":"8tB+JskJ4NPUD+Q1H5sCU9.5","action":"ProcessGetUpdates", "result":"Done", "context":{"dataType":"Edge Hub App Usage", "deleted":"4", "process_failed_to_decrypt":"0", "process_pending_decryption":"0", "process_success":"9", "total":"9"}}
{"logTime": "0415/053901", "correlationVector":"8tB+JskJ4NPUD+Q1H5sCU9.6","action":"GetUpdates Response", "result":"Success", "context":Received 179 update(s). cV=8tB+JskJ4NPUD+Q1H5sCU9.0;server=akswtt100000006;cloudType=Consumer;environment=Prod_brazilsouth_prod-s01-034-sam-brazilsouth;migrationStage=NotStarted}
{"logTime": "0415/053901", "correlationVector":"nriDSFBy1zWwlGlVZ3fzHp","action":"Initial GetUpdates", "result":"", "context":Reason: RECONFIGURATION. cV=nriDSFBy1zWwlGlVZ3fzHp}
{"logTime": "0415/053901", "correlationVector":"nriDSFBy1zWwlGlVZ3fzHp.1","action":"SyncServerConnectionManagerRequest", "result":"SYNC_SERVER_OK", "context":{"environment":"Prod_brazilsouth_prod-s01-034-sam-brazilsouth", "migrationStage":"NotStarted", "server":"akswtt10000000h"}}
{"logTime": "0415/053901", "correlationVector":"nriDSFBy1zWwlGlVZ3fzHp.2","action":"ProcessGetUpdates", "result":"Done", "context":{"dataType":"History", "deleted":"0", "process_failed_to_decrypt":"0", "process_pending_decryption":"0", "process_success":"250", "total":"250"}}
{"logTime": "0415/053901", "correlationVector":"nriDSFBy1zWwlGlVZ3fzHp.3","action":"GetUpdates Response", "result":"Success", "context":Received 250 update(s). cV=nriDSFBy1zWwlGlVZ3fzHp.0;server=akswtt10000000h;cloudType=Consumer;environment=Prod_brazilsouth_prod-s01-034-sam-brazilsouth;migrationStage=NotStarted Some updates remain.}
{"logTime": "0415/053901", "correlationVector":"5G9gfYYLO+Th7lHTpgq3yR","action":"Initial GetUpdates", "result":"", "context":Reason: RECONFIGURATION. cV=5G9gfYYLO+Th7lHTpgq3yR}
{"logTime": "0415/053902", "correlationVector":"5G9gfYYLO+Th7lHTpgq3yR.1","action":"SyncServerConnectionManagerRequest", "result":"SYNC_SERVER_OK", "context":{"environment":"Prod_brazilsouth_prod-s01-034-sam-brazilsouth", "migrationStage":"NotStarted", "server":"akswtt100000006"}}
{"logTime": "0415/053902", "correlationVector":"5G9gfYYLO+Th7lHTpgq3yR.2","action":"ProcessGetUpdates", "result":"Done", "context":{"dataType":"History", "deleted":"0", "process_failed_to_decrypt":"0", "process_pending_decryption":"0", "process_success":"250", "total":"250"}}
{"logTime": "0415/053902", "correlationVector":"5G9gfYYLO+Th7lHTpgq3yR.3","action":"GetUpdates Response", "result":"Success", "context":Received 250 update(s). cV=5G9gfYYLO+Th7lHTpgq3yR.0;server=akswtt100000006;cloudType=Consumer;environment=Prod_brazilsouth_prod-s01-034-sam-brazilsouth;migrationStage=NotStarted Some updates remain.}
{"logTime": "0415/053902", "correlationVector":"cimWcVjoTmyvYJZgKjFegS","action":"Initial GetUpdates", "result":"", "context":Reason: RECONFIGURATION. cV=cimWcVjoTmyvYJZgKjFegS}
{"logTime": "0415/053902", "correlationVector":"cimWcVjoTmyvYJZgKjFegS.1","action":"SyncServerConnectionManagerRequest", "result":"SYNC_SERVER_OK", "context":{"environment":"Prod_brazilsouth_prod-s01-034-sam-brazilsouth", "migrationStage":"NotStarted", "server":"akswtt100000007"}}
{"logTime": "0415/053902", "correlationVector":"cimWcVjoTmyvYJZgKjFegS.2","action":"ProcessGetUpdates", "result":"Done", "context":{"dataType":"History", "deleted":"0", "process_failed_to_decrypt":"0", "process_pending_decryption":"0", "process_success":"245", "total":"245"}}
{"logTime": "0415/053902", "correlationVector":"cimWcVjoTmyvYJZgKjFegS.3","action":"GetUpdates Response", "result":"Success", "context":Received 245 update(s). cV=cimWcVjoTmyvYJZgKjFegS.0;server=akswtt100000007;cloudType=Consumer;environment=Prod_brazilsouth_prod-s01-034-sam-brazilsouth;migrationStage=NotStarted}
{"logTime": "0415/053902", "correlationVector":"1wrcO+bmGVO5U+oZeJsFwn","action":"Normal GetUpdate request", "result":"", "context":cV=1wrcO+bmGVO5U+oZeJsFwn
Nudged types: Sessions, Device Info
Refresh requested types: Bookmarks, Preferences, Passwords, Autofill Profiles, Autofill, Extensions, Sessions, Extension settings, History Delete Directives, Device Info, User Consents, Send Tab To Self, Web Apps, History, Saved Tab Group, WebAuthn Credentials, Collection, Edge E Drop, Edge Hub App Usage, Edge Wallet, Edge Workspace, Encryption Keys}
{"logTime": "0415/053903", "correlationVector":"1wrcO+bmGVO5U+oZeJsFwn.1","action":"SyncServerConnectionManagerRequest", "result":"SYNC_SERVER_OK", "context":{"environment":"Prod_brazilsouth_prod-s01-034-sam-brazilsouth", "migrationStage":"NotStarted", "server":"akswtt100000007"}}
{"logTime": "0415/053903", "correlationVector":"1wrcO+bmGVO5U+oZeJsFwn.2","action":"GetUpdates Response", "result":"Success", "context":Received 0 update(s). cV=1wrcO+bmGVO5U+oZeJsFwn.0;server=akswtt100000007;cloudType=Consumer;environment=Prod_brazilsouth_prod-s01-034-sam-brazilsouth;migrationStage=NotStarted}
{"logTime": "0415/053903", "correlationVector":"ua0haiuPgFvzPMgR3/OZio","action":"Commit Request", "result":"", "context":Item count: 3
Contributing types: Sessions, Device Info}
{"logTime": "0415/053903", "correlationVector":"ua0haiuPgFvzPMgR3/OZio.1","action":"SyncServerConnectionManagerRequest", "result":"SYNC_SERVER_OK", "context":{"environment":"Prod_brazilsouth_prod-s01-034-sam-brazilsouth", "migrationStage":"NotStarted", "server":"akswtt100000006"}}
{"logTime": "0415/053903", "correlationVector":"ua0haiuPgFvzPMgR3/OZio.2","action":"Commit Response", "result":"Success", "context":Result: Success. cV=ua0haiuPgFvzPMgR3/OZio.0;server=akswtt100000006;cloudType=Consumer;environment=Prod_brazilsouth_prod-s01-034-sam-brazilsouth;migrationStage=NotStarted}
{"logTime": "0415/053903", "correlationVector":"ZXi04nfyG8zbih75dgQt60","action":"Poll GetUpdate request", "result":"", "context":cV=ZXi04nfyG8zbih75dgQt60}
{"logTime": "0415/053903", "correlationVector":"ZXi04nfyG8zbih75dgQt60.1","action":"SyncServerConnectionManagerRequest", "result":"SYNC_SERVER_OK", "context":{"environment":"Prod_brazilsouth_prod-s01-034-sam-brazilsouth", "migrationStage":"NotStarted", "server":"akswtt100000004"}}
{"logTime": "0415/053903", "correlationVector":"ZXi04nfyG8zbih75dgQt60.2","action":"ProcessGetUpdates", "result":"Done", "context":{"dataType":"Sessions", "deleted":"0", "process_failed_to_decrypt":"0", "process_pending_decryption":"0", "process_success":"2", "total":"2"}}
{"logTime": "0415/053903", "correlationVector":"ZXi04nfyG8zbih75dgQt60.3","action":"ProcessGetUpdates", "result":"Done", "context":{"dataType":"Device Info", "deleted":"0", "process_failed_to_decrypt":"0", "process_pending_decryption":"0", "process_success":"1", "total":"1"}}
{"logTime": "0415/053903", "correlationVector":"ZXi04nfyG8zbih75dgQt60.4","action":"GetUpdates Response", "result":"Success", "context":Received 3 update(s). cV=ZXi04nfyG8zbih75dgQt60.0;server=akswtt100000004;cloudType=Consumer;environment=Prod_brazilsouth_prod-s01-034-sam-brazilsouth;migrationStage=NotStarted}
{"logTime": "0415/054004", "correlationVector":"0mshLkXwbtCdsY6E0F3CeJ","action":"Commit Request", "result":"", "context":Item count: 3
Contributing types: Sessions, History}
{"logTime": "0415/054004", "correlationVector":"0mshLkXwbtCdsY6E0F3CeJ.1","action":"SyncServerConnectionManagerRequest", "result":"SYNC_SERVER_OK", "context":{"environment":"Prod_brazilsouth_prod-s01-034-sam-brazilsouth", "migrationStage":"NotStarted", "server":"akswtt100000007"}}
{"logTime": "0415/054004", "correlationVector":"0mshLkXwbtCdsY6E0F3CeJ.2","action":"Commit Response", "result":"Success", "context":Result: Success. cV=0mshLkXwbtCdsY6E0F3CeJ.0;server=akswtt100000007;cloudType=Consumer;environment=Prod_brazilsouth_prod-s01-034-sam-brazilsouth;migrationStage=NotStarted}
{"logTime": "0415/054025", "correlationVector":"x7VT9dkKNReVhWBc5Faqu5","action":"Commit Request", "result":"", "context":Item count: 3
Contributing types: Preferences, Passwords, History}
{"logTime": "0415/054026", "correlationVector":"x7VT9dkKNReVhWBc5Faqu5.1","action":"SyncServerConnectionManagerRequest", "result":"SYNC_SERVER_OK", "context":{"environment":"Prod_brazilsouth_prod-s01-034-sam-brazilsouth", "migrationStage":"NotStarted", "server":"akswtt100000007"}}
{"logTime": "0415/054026", "correlationVector":"x7VT9dkKNReVhWBc5Faqu5.2","action":"Commit Response", "result":"Success", "context":Result: Success. cV=x7VT9dkKNReVhWBc5Faqu5.0;server=akswtt100000007;cloudType=Consumer;environment=Prod_brazilsouth_prod-s01-034-sam-brazilsouth;migrationStage=NotStarted}
{"logTime": "0415/054126", "correlationVector":"87/T0CqMuN9rHcz+istQW/","action":"Commit Request", "result":"", "context":Item count: 6
Contributing types: Sessions, History}
{"logTime": "0415/054126", "correlationVector":"87/T0CqMuN9rHcz+istQW/.1","action":"SyncServerConnectionManagerRequest", "result":"SYNC_SERVER_OK", "context":{"environment":"Prod_brazilsouth_prod-s01-001-sam-brazilsouth", "migrationStage":"NotStarted", "server":"akswtt003000005"}}
{"logTime": "0415/054126", "correlationVector":"87/T0CqMuN9rHcz+istQW/.2","action":"Commit Response", "result":"Success", "context":Result: Success. cV=87/T0CqMuN9rHcz+istQW/.0;server=akswtt003000005;cloudType=Consumer;environment=Prod_brazilsouth_prod-s01-001-sam-brazilsouth;migrationStage=NotStarted}
{"logTime": "0415/054228", "correlationVector":"w6y/WXA153XX4yrrACvxDH","action":"Commit Request", "result":"", "context":Item count: 3
Contributing types: Sessions, History}
{"logTime": "0415/054228", "correlationVector":"w6y/WXA153XX4yrrACvxDH.1","action":"SyncServerConnectionManagerRequest", "result":"SYNC_SERVER_OK", "context":{"environment":"Prod_brazilsouth_prod-s01-001-sam-brazilsouth", "migrationStage":"NotStarted", "server":"akswtt003000008"}}
{"logTime": "0415/054228", "correlationVector":"w6y/WXA153XX4yrrACvxDH.2","action":"Commit Response", "result":"Success", "context":Result: Success. cV=w6y/WXA153XX4yrrACvxDH.0;server=akswtt003000008;cloudType=Consumer;environment=Prod_brazilsouth_prod-s01-001-sam-brazilsouth;migrationStage=NotStarted}
{"logTime": "0415/054836", "correlationVector":"toasXdBmIFMoDwux7CQdWK.1","action":"SyncServerConnectionManagerRequest", "result":"SYNC_SERVER_OK", "context":{"environment":"Prod_brazilsouth_prod-s01-001-sam-brazilsouth", "migrationStage":"NotStarted", "server":"akswtt00300000m"}}
{"logTime": "0415/054836", "correlationVector":"toasXdBmIFMoDwux7CQdWK.2","action":"ProcessGetUpdates", "result":"Done", "context":{"dataType":"Encryption Keys", "deleted":"0", "process_failed_to_decrypt":"0", "process_pending_decryption":"0", "process_success":"1", "total":"1"}}
{"logTime": "0415/054836", "correlationVector":"I7TSyZkT7F4dIP/HG04UzV","action":"SyncServerConnectionManagerRequest", "result":"SYNC_SERVER_OK", "context":{"environment":"", "migrationStage":"", "server":""}}
{"logTime": "0415/054836", "correlationVector":"I7TSyZkT7F4dIP/HG04UzV.0","action":"EncryptionKeysFetcher.DownloadKeys:", "result":"Success", "context":Key count: 4, Last key timestamp: 2025-10-26T18:17:41Z}
{"logTime": "0415/054836", "correlationVector":"I7TSyZkT7F4dIP/HG04UzV.1","action":"EncryptionKeysManager::SetEncryptionKeys:", "result":"Success", "context":Key names[4]:[YP8kDiImrvKN2AjYk9KqfqKSxCUuJc85An44lf3KmJtX0GuAlHsIxSk9glfqiaTRJ68S5tZae9PtBZSKq8J/rg==][rEOMkJWkYCppRzBbnyQBCvlhNOuPqGbpbt4Px0XMPwNJqRTh7oMmtYAcxzkP+zzOpM7sIqYPiTii8cjgKxye8Q==][yyISQEy0TP/+iN391bnpYv2YSwuoLnmdYp+dEAN55MIQDb4wh+AUiAYhlk9k4OeFOQFdbT8xi0Ds/OyAKPLdRw==][+zdF/6xQ8YDrKNh9JJH2suWglmRj8/5vsOi5U2izj7xKHHbcweJN0Fvbrj+3JUmVvNBdC/AGLs1LEtqpURxuxw==]}
{"logTime": "0415/054836", "correlationVector":"I7TSyZkT7F4dIP/HG04UzV.2","action":"EncryptionKeysManager::SetEncryptionKeysWithTimestamps:", "result":"Success", "context":Key timestamps[4]:[2021-02-18T15:10:52Z][2021-10-01T16:27:18Z][2022-04-05T14:39:16Z][2025-10-26T18:17:41Z]}
{"logTime": "0415/054836", "correlationVector":"toasXdBmIFMoDwux7CQdWK","action":"Initial GetUpdates", "result":"", "context":Reason: NEW_CLIENT. cV=toasXdBmIFMoDwux7CQdWK}
{"logTime": "0415/054836", "correlationVector":"toasXdBmIFMoDwux7CQdWK.3","action":"GetUpdates Response", "result":"Success", "context":Received 1 update(s). cV=toasXdBmIFMoDwux7CQdWK.0;server=akswtt00300000m;cloudType=Consumer;environment=Prod_brazilsouth_prod-s01-001-sam-brazilsouth;migrationStage=NotStarted}
