2026-04-14 21:02:38.151: [INFO][Sync] Reset engine, reason: 8
2026-04-14 21:02:38.151: [INFO][Sync] Stopped: Bookmarks
2026-04-14 21:02:38.151: [INFO][Sync] Stopped: Preferences
2026-04-14 21:02:38.151: [INFO][Sync] Stopped: Passwords
2026-04-14 21:02:38.152: [INFO][Sync] Stopped: Autofill Profiles
2026-04-14 21:02:38.152: [INFO][Sync] Stopped: Autofill
2026-04-14 21:02:38.152: [INFO][Sync] Stopped: Extensions
2026-04-14 21:02:38.152: [INFO][Sync] Stopped: Sessions
2026-04-14 21:02:38.152: [INFO][Sync] Stopped: Extension settings
2026-04-14 21:02:38.152: [INFO][Sync] Stopped: History Delete Directives
2026-04-14 21:02:38.152: [INFO][Sync] Stopped: Device Info
2026-04-14 21:02:38.152: [INFO][Sync] Stopped: User Consents
2026-04-14 21:02:38.152: [INFO][Sync] Stopped: Send Tab To Self
2026-04-14 21:02:38.152: [INFO][Sync] Stopped: Web Apps
2026-04-14 21:02:38.152: [INFO][Sync] Stopped: History
2026-04-14 21:02:38.152: [INFO][Sync] Stopped: Saved Tab Group
2026-04-14 21:02:38.152: [INFO][Sync] Stopped: WebAuthn Credentials
2026-04-14 21:02:38.152: [INFO][Sync] Stopped: Collection
2026-04-14 21:02:38.152: [INFO][Sync] Stopped: Edge E Drop
2026-04-14 21:02:38.152: [INFO][Sync] Stopped: Edge Hub App Usage
2026-04-14 21:02:38.152: [INFO][Sync] Stopped: Edge Wallet
2026-04-14 21:02:38.152: [INFO][Sync] Stopped: Edge Workspace
2026-04-14 21:02:38.152: [INFO][Sync] SyncState after authenticated was: NotSignedIn
2026-04-14 21:02:38.491: [INFO][Sync] Reset engine, reason: 8
2026-04-14 21:02:38.491: [INFO][Sync] Stopped: Bookmarks
2026-04-14 21:02:38.491: [INFO][Sync] Stopped: Preferences
2026-04-14 21:02:38.491: [INFO][Sync] Stopped: Passwords
2026-04-14 21:02:38.491: [INFO][Sync] Stopped: Autofill Profiles
2026-04-14 21:02:38.491: [INFO][Sync] Stopped: Autofill
2026-04-14 21:02:38.491: [INFO][Sync] Stopped: Extensions
2026-04-14 21:02:38.491: [INFO][Sync] Stopped: Sessions
2026-04-14 21:02:38.491: [INFO][Sync] Stopped: Extension settings
2026-04-14 21:02:38.491: [INFO][Sync] Stopped: History Delete Directives
2026-04-14 21:02:38.491: [INFO][Sync] Stopped: Device Info
2026-04-14 21:02:38.491: [INFO][Sync] Stopped: User Consents
2026-04-14 21:02:38.491: [INFO][Sync] Stopped: Send Tab To Self
2026-04-14 21:02:38.491: [INFO][Sync] Stopped: Web Apps
2026-04-14 21:02:38.491: [INFO][Sync] Stopped: History
2026-04-14 21:02:38.491: [INFO][Sync] Stopped: Saved Tab Group
2026-04-14 21:02:38.491: [INFO][Sync] Stopped: WebAuthn Credentials
2026-04-14 21:02:38.491: [INFO][Sync] Stopped: Collection
2026-04-14 21:02:38.491: [INFO][Sync] Stopped: Edge E Drop
2026-04-14 21:02:38.491: [INFO][Sync] Stopped: Edge Hub App Usage
2026-04-14 21:02:38.491: [INFO][Sync] Stopped: Edge Wallet
2026-04-14 21:02:38.491: [INFO][Sync] Stopped: Edge Workspace
2026-04-14 21:02:40.535: [INFO][Sync] Try to start sync engine
2026-04-14 21:02:40.544: [INFO][SyncManagerImpl::NudgeForInitialDownload] Initial download nudge for Encryption Keys
2026-04-14 21:02:40.544: [INFO][SyncEngineBackend::LoadAndConnectNigoriController] Load and connect Nigori controller
2026-04-14 21:02:40.544: [INFO][SyncEngineBackend::DoInitialize] Control Types added: Encryption Keys
2026-04-14 21:02:40.544: [INFO][SyncManagerImpl::ConfigureSyncer] Types to download: Encryption Keys with reason: 3
2026-04-14 21:02:40.544: [INFO][SyncSchedulerImpl::DoConfigurationSyncCycleJob] Configure job was blocked
2026-04-14 21:02:40.597: [INFO][SyncAuthManager::SetLastAuthError] Current auth error: None
2026-04-14 21:02:40.597: [INFO][SyncAuthManager::EdgeLogTokenErrorState] Token error with: None for account type: MSA
2026-04-14 21:02:40.597: [INFO][Sync] Credentials changed for: EdgeSyncScopeNew
2026-04-14 21:02:41.865: [INFO][SyncAuthManager::SetLastAuthError] Current auth error: None
2026-04-14 21:02:41.865: [INFO][SyncAuthManager::EdgeLogTokenErrorState] Token error with: None for account type: MSA
2026-04-14 21:02:41.865: [INFO][Sync] Credentials changed for: EdgeSyncKeyDataScope
2026-04-14 21:02:41.866: [INFO][SyncEngineBackend::DoUpdateKeyDataCredentials] Update key data credentials
2026-04-14 21:02:41.866: [INFO][SyncEngineBackend::DoUpdateCredentials] Update credentials
2026-04-14 21:02:41.866: [INFO][SyncSchedulerImpl::DoConfigurationSyncCycleJob] Blocked types:  and types to download: Encryption Keys
2026-04-14 21:02:45.546: [INFO][Sync] Started DataTypeManager configuration, reason: 1
2026-04-14 21:02:45.546: [INFO][Sync] Configuring for: Bookmarks, Preferences, Passwords, Autofill Profiles, Autofill, Extensions, Sessions, Extension settings, History Delete Directives, Device Info, User Consents, Send Tab To Self, Web Apps, History, Saved Tab Group, WebAuthn Credentials, Collection, Edge E Drop, Edge Hub App Usage, Edge Wallet, Edge Workspace, Encryption Keys, reason: 3, current state: 0
2026-04-14 21:02:45.546: [INFO][SyncEngineBackend::DoStartConfiguration] Start configuration
2026-04-14 21:02:45.549: [INFO][Sync] Configure, desired: Bookmarks, Preferences, Passwords, Autofill Profiles, Autofill, Extensions, Sessions, Extension settings, History Delete Directives, Device Info, User Consents, Send Tab To Self, Web Apps, History, Saved Tab Group, WebAuthn Credentials, Collection, Edge E Drop, Edge Hub App Usage, Edge Wallet, Edge Workspace, Encryption Keys; Allow fail: 
2026-04-14 21:02:45.549: [INFO][Sync] Loading: Bookmarks
2026-04-14 21:02:45.549: [INFO][Sync] Loading: Preferences
2026-04-14 21:02:45.549: [INFO][Sync] Loading: Passwords
2026-04-14 21:02:45.550: [INFO][Sync] Loading: Autofill Profiles
2026-04-14 21:02:45.550: [INFO][Sync] Loading: Autofill
2026-04-14 21:02:45.550: [INFO][Sync] Loading: Extensions
2026-04-14 21:02:45.550: [INFO][Sync] Loading: Sessions
2026-04-14 21:02:45.550: [INFO][Sync] Loading: Extension settings
2026-04-14 21:02:45.550: [INFO][Sync] Loading: History Delete Directives
2026-04-14 21:02:45.550: [INFO][Sync] Loading: Device Info
2026-04-14 21:02:45.550: [INFO][Sync] Loading: User Consents
2026-04-14 21:02:45.550: [INFO][Sync] Loading: Send Tab To Self
2026-04-14 21:02:45.550: [INFO][Sync] Loading: Web Apps
2026-04-14 21:02:45.550: [INFO][Sync] Loading: History
2026-04-14 21:02:45.550: [INFO][Sync] Loading: Saved Tab Group
2026-04-14 21:02:45.550: [INFO][Sync] Loading: WebAuthn Credentials
2026-04-14 21:02:45.550: [INFO][Sync] Loading: Collection
2026-04-14 21:02:45.550: [INFO][Sync] Loading: Edge E Drop
2026-04-14 21:02:45.550: [INFO][Sync] Loading: Edge Hub App Usage
2026-04-14 21:02:45.550: [INFO][Sync] Loading: Edge Wallet
2026-04-14 21:02:45.550: [INFO][Sync] Loading: Edge Workspace
2026-04-14 21:02:45.557: [INFO][Sync] All data types are ready for configure.
2026-04-14 21:02:45.557: [INFO][SyncManagerImpl::NudgeForInitialDownload] Initial download nudge for Bookmarks
2026-04-14 21:02:45.557: [INFO][SyncManagerImpl::NudgeForInitialDownload] Initial download nudge for Preferences
2026-04-14 21:02:45.557: [INFO][SyncManagerImpl::NudgeForInitialDownload] Initial download nudge for Passwords
2026-04-14 21:02:45.557: [INFO][SyncManagerImpl::NudgeForInitialDownload] Initial download nudge for Autofill Profiles
2026-04-14 21:02:45.557: [INFO][SyncManagerImpl::NudgeForInitialDownload] Initial download nudge for Autofill
2026-04-14 21:02:45.557: [INFO][SyncManagerImpl::NudgeForInitialDownload] Initial download nudge for Extensions
2026-04-14 21:02:45.557: [INFO][SyncManagerImpl::NudgeForInitialDownload] Initial download nudge for Sessions
2026-04-14 21:02:45.557: [INFO][SyncManagerImpl::NudgeForInitialDownload] Initial download nudge for Extension settings
2026-04-14 21:02:45.557: [INFO][SyncManagerImpl::NudgeForInitialDownload] Initial download nudge for History Delete Directives
2026-04-14 21:02:45.557: [INFO][SyncManagerImpl::NudgeForInitialDownload] Initial download nudge for Device Info
2026-04-14 21:02:45.557: [INFO][SyncManagerImpl::NudgeForInitialDownload] Initial download nudge for Send Tab To Self
2026-04-14 21:02:45.557: [INFO][SyncManagerImpl::NudgeForInitialDownload] Initial download nudge for Web Apps
2026-04-14 21:02:45.557: [INFO][SyncManagerImpl::NudgeForInitialDownload] Initial download nudge for History
2026-04-14 21:02:45.557: [INFO][SyncManagerImpl::NudgeForInitialDownload] Initial download nudge for Saved Tab Group
2026-04-14 21:02:45.557: [INFO][SyncManagerImpl::NudgeForInitialDownload] Initial download nudge for WebAuthn Credentials
2026-04-14 21:02:45.557: [INFO][SyncManagerImpl::NudgeForInitialDownload] Initial download nudge for Collection
2026-04-14 21:02:45.557: [INFO][SyncManagerImpl::NudgeForInitialDownload] Initial download nudge for Edge E Drop
2026-04-14 21:02:45.557: [INFO][SyncManagerImpl::NudgeForInitialDownload] Initial download nudge for Edge Hub App Usage
2026-04-14 21:02:45.557: [INFO][SyncManagerImpl::NudgeForInitialDownload] Initial download nudge for Edge Wallet
2026-04-14 21:02:45.557: [INFO][SyncManagerImpl::NudgeForInitialDownload] Initial download nudge for Edge Workspace
2026-04-14 21:02:45.557: [INFO][SyncManagerImpl::ConfigureSyncer] Types to download:  with reason: 3
2026-04-14 21:02:45.557: [INFO][SyncEngineBackend::DoFinishConfigureDataTypes] Failed to download types:  and succeeded types: 
2026-04-14 21:02:45.558: [INFO][Sync] ConfigurationDone, failed: , succeeded: , remaining count: 4
2026-04-14 21:02:45.558: [INFO][Sync] Prepare to configure types: Preferences, Passwords, Device Info, Send Tab To Self, Edge E Drop, Encryption Keys
2026-04-14 21:02:45.558: [INFO][SyncManagerImpl::ConfigureSyncer] Types to download: Preferences, Passwords, Device Info, Send Tab To Self, Edge E Drop, Encryption Keys with reason: 3
2026-04-14 21:02:45.558: [INFO][SyncSchedulerImpl::DoConfigurationSyncCycleJob] Blocked types:  and types to download: Preferences, Passwords, Device Info, Send Tab To Self, Edge E Drop, Encryption Keys
2026-04-14 21:02:45.962: [INFO][SyncEngineBackend::DoFinishConfigureDataTypes] Failed to download types:  and succeeded types: Preferences, Passwords, Device Info, Send Tab To Self, Edge E Drop, Encryption Keys
2026-04-14 21:02:45.976: [INFO][Sync] ConfigurationDone, failed: , succeeded: Preferences, Passwords, Device Info, Send Tab To Self, Edge E Drop, Encryption Keys, remaining count: 3
2026-04-14 21:02:45.976: [INFO][Sync] Prepare to configure types: Bookmarks, Encryption Keys
2026-04-14 21:02:45.976: [INFO][SyncManagerImpl::ConfigureSyncer] Types to download: Bookmarks, Encryption Keys with reason: 3
2026-04-14 21:02:45.976: [INFO][SyncSchedulerImpl::DoConfigurationSyncCycleJob] Blocked types:  and types to download: Bookmarks, Encryption Keys
2026-04-14 21:02:46.153: [INFO][SyncEngineBackend::DoFinishConfigureDataTypes] Failed to download types:  and succeeded types: Bookmarks, Encryption Keys
2026-04-14 21:02:46.156: [INFO][Sync] ConfigurationDone, failed: , succeeded: Bookmarks, Encryption Keys, remaining count: 2
2026-04-14 21:02:46.156: [INFO][Sync] Prepare to configure types: Autofill Profiles, Autofill, Extensions, Sessions, Extension settings, History Delete Directives, Web Apps, Saved Tab Group, WebAuthn Credentials, Collection, Edge Hub App Usage, Edge Wallet, Edge Workspace, Encryption Keys
2026-04-14 21:02:46.156: [INFO][SyncManagerImpl::ConfigureSyncer] Types to download: Autofill Profiles, Autofill, Extensions, Sessions, Extension settings, History Delete Directives, Web Apps, Saved Tab Group, WebAuthn Credentials, Collection, Edge Hub App Usage, Edge Wallet, Edge Workspace, Encryption Keys with reason: 3
2026-04-14 21:02:46.156: [INFO][SyncSchedulerImpl::DoConfigurationSyncCycleJob] Blocked types:  and types to download: Autofill Profiles, Autofill, Extensions, Sessions, Extension settings, History Delete Directives, Web Apps, Saved Tab Group, WebAuthn Credentials, Collection, Edge Hub App Usage, Edge Wallet, Edge Workspace, Encryption Keys
2026-04-14 21:02:46.482: [INFO][SyncEngineBackend::DoFinishConfigureDataTypes] Failed to download types:  and succeeded types: Autofill Profiles, Autofill, Extensions, Sessions, Extension settings, History Delete Directives, Web Apps, Saved Tab Group, WebAuthn Credentials, Collection, Edge Hub App Usage, Edge Wallet, Edge Workspace, Encryption Keys
2026-04-14 21:02:46.486: [INFO][Sync] ConfigurationDone, failed: , succeeded: Autofill Profiles, Autofill, Extensions, Sessions, Extension settings, History Delete Directives, Web Apps, Saved Tab Group, WebAuthn Credentials, Collection, Edge Hub App Usage, Edge Wallet, Edge Workspace, Encryption Keys, remaining count: 1
2026-04-14 21:02:46.488: [INFO][Sync] Prepare to configure types: History, Encryption Keys
2026-04-14 21:02:46.488: [INFO][SyncManagerImpl::ConfigureSyncer] Types to download: History, Encryption Keys with reason: 3
2026-04-14 21:02:46.488: [INFO][SyncSchedulerImpl::DoConfigurationSyncCycleJob] Blocked types:  and types to download: History, Encryption Keys
2026-04-14 21:02:47.818: [INFO][SyncEngineBackend::DoFinishConfigureDataTypes] Failed to download types:  and succeeded types: History, Encryption Keys
2026-04-14 21:02:47.822: [INFO][Sync] ConfigurationDone, failed: , succeeded: History, Encryption Keys, remaining count: 0
2026-04-14 21:02:47.825: [INFO][Sync]     Configuration completed, state: 3
2026-04-14 21:02:47.826: [INFO][Sync] Configured DataTypeManager: Ok
2026-04-14 21:02:47.830: [INFO][SyncEngineBackend::DoStartSyncing] Start syncing
2026-04-14 21:05:35.659: [INFO][Sync] Reset engine, reason: 0
2026-04-14 21:05:35.659: [INFO][Sync] Reset engine with reason: 0
2026-04-14 21:09:29.010: [INFO][Sync] SyncState after authenticated was: FeatureCanStart
2026-04-14 21:09:30.560: [INFO][SyncAuthManager::SetLastAuthError] Current auth error: None
2026-04-14 21:09:30.560: [INFO][SyncAuthManager::EdgeLogTokenErrorState] Token error with: None for account type: MSA
2026-04-14 21:09:30.560: [INFO][Sync] Credentials changed for: EdgeSyncKeyDataScope
2026-04-14 21:09:36.770: [INFO][Sync] Try to start sync engine
2026-04-14 21:09:36.771: [INFO][SyncManagerImpl::NudgeForInitialDownload] Initial download nudge for Encryption Keys
2026-04-14 21:09:36.771: [INFO][SyncEngineBackend::LoadAndConnectNigoriController] Load and connect Nigori controller
2026-04-14 21:09:36.771: [INFO][SyncEngineBackend::DoInitialize] Control Types added: Encryption Keys
2026-04-14 21:09:36.771: [INFO][SyncManagerImpl::ConfigureSyncer] Types to download: Encryption Keys with reason: 3
2026-04-14 21:09:36.771: [INFO][SyncEngineBackend::DoUpdateKeyDataCredentials] Update key data credentials
2026-04-14 21:09:36.771: [INFO][SyncSchedulerImpl::DoConfigurationSyncCycleJob] Configure job was blocked
2026-04-14 21:09:36.775: [INFO][SyncAuthManager::SetLastAuthError] Current auth error: None
2026-04-14 21:09:36.775: [INFO][SyncAuthManager::EdgeLogTokenErrorState] Token error with: None for account type: MSA
2026-04-14 21:09:36.775: [INFO][Sync] Credentials changed for: EdgeSyncScopeNew
2026-04-14 21:09:36.775: [INFO][SyncEngineBackend::DoUpdateCredentials] Update credentials
2026-04-14 21:09:36.775: [INFO][SyncSchedulerImpl::DoConfigurationSyncCycleJob] Blocked types:  and types to download: Encryption Keys
2026-04-14 21:09:37.061: [INFO][SyncEngineBackend::DoUpdateKeyDataCredentials] Update key data credentials
2026-04-14 21:14:21.284: [INFO][Sync] Reset engine, reason: 0
2026-04-14 21:14:21.284: [INFO][Sync] Reset engine with reason: 0
2026-04-14 21:15:59.729: [INFO][Sync] Reset engine, reason: 8
2026-04-14 21:15:59.729: [INFO][Sync] Stopped: Bookmarks
2026-04-14 21:15:59.729: [INFO][Sync] Stopped: Preferences
2026-04-14 21:15:59.729: [INFO][Sync] Stopped: Passwords
2026-04-14 21:15:59.729: [INFO][Sync] Stopped: Autofill Profiles
2026-04-14 21:15:59.729: [INFO][Sync] Stopped: Autofill
2026-04-14 21:15:59.729: [INFO][Sync] Stopped: Extensions
2026-04-14 21:15:59.729: [INFO][Sync] Stopped: Sessions
2026-04-14 21:15:59.729: [INFO][Sync] Stopped: Extension settings
2026-04-14 21:15:59.729: [INFO][Sync] Stopped: History Delete Directives
2026-04-14 21:15:59.729: [INFO][Sync] Stopped: Device Info
2026-04-14 21:15:59.729: [INFO][Sync] Stopped: User Consents
2026-04-14 21:15:59.729: [INFO][Sync] Stopped: Send Tab To Self
2026-04-14 21:15:59.729: [INFO][Sync] Stopped: Web Apps
2026-04-14 21:15:59.729: [INFO][Sync] Stopped: History
2026-04-14 21:15:59.729: [INFO][Sync] Stopped: Saved Tab Group
2026-04-14 21:15:59.729: [INFO][Sync] Stopped: WebAuthn Credentials
2026-04-14 21:15:59.729: [INFO][Sync] Stopped: Collection
2026-04-14 21:15:59.729: [INFO][Sync] Stopped: Edge E Drop
2026-04-14 21:15:59.729: [INFO][Sync] Stopped: Edge Hub App Usage
2026-04-14 21:15:59.729: [INFO][Sync] Stopped: Edge Wallet
2026-04-14 21:15:59.729: [INFO][Sync] Stopped: Edge Workspace
2026-04-14 21:15:59.729: [INFO][Sync] SyncState after authenticated was: NotSignedIn
2026-04-14 21:16:00.012: [INFO][Sync] Reset engine, reason: 8
2026-04-14 21:16:00.012: [INFO][Sync] Stopped: Bookmarks
2026-04-14 21:16:00.012: [INFO][Sync] Stopped: Preferences
2026-04-14 21:16:00.012: [INFO][Sync] Stopped: Passwords
2026-04-14 21:16:00.012: [INFO][Sync] Stopped: Autofill Profiles
2026-04-14 21:16:00.012: [INFO][Sync] Stopped: Autofill
2026-04-14 21:16:00.012: [INFO][Sync] Stopped: Extensions
2026-04-14 21:16:00.012: [INFO][Sync] Stopped: Sessions
2026-04-14 21:16:00.012: [INFO][Sync] Stopped: Extension settings
2026-04-14 21:16:00.012: [INFO][Sync] Stopped: History Delete Directives
2026-04-14 21:16:00.013: [INFO][Sync] Stopped: Device Info
2026-04-14 21:16:00.013: [INFO][Sync] Stopped: User Consents
2026-04-14 21:16:00.013: [INFO][Sync] Stopped: Send Tab To Self
2026-04-14 21:16:00.013: [INFO][Sync] Stopped: Web Apps
2026-04-14 21:16:00.013: [INFO][Sync] Stopped: History
2026-04-14 21:16:00.013: [INFO][Sync] Stopped: Saved Tab Group
2026-04-14 21:16:00.013: [INFO][Sync] Stopped: WebAuthn Credentials
2026-04-14 21:16:00.013: [INFO][Sync] Stopped: Collection
2026-04-14 21:16:00.013: [INFO][Sync] Stopped: Edge E Drop
2026-04-14 21:16:00.013: [INFO][Sync] Stopped: Edge Hub App Usage
2026-04-14 21:16:00.013: [INFO][Sync] Stopped: Edge Wallet
2026-04-14 21:16:00.013: [INFO][Sync] Stopped: Edge Workspace
2026-04-14 21:16:01.898: [INFO][Sync] Try to start sync engine
2026-04-14 21:16:01.899: [INFO][SyncManagerImpl::NudgeForInitialDownload] Initial download nudge for Encryption Keys
2026-04-14 21:16:01.899: [INFO][SyncEngineBackend::LoadAndConnectNigoriController] Load and connect Nigori controller
2026-04-14 21:16:01.899: [INFO][SyncEngineBackend::DoInitialize] Control Types added: Encryption Keys
2026-04-14 21:16:01.899: [INFO][SyncManagerImpl::ConfigureSyncer] Types to download: Encryption Keys with reason: 3
2026-04-14 21:16:01.899: [INFO][SyncSchedulerImpl::DoConfigurationSyncCycleJob] Configure job was blocked
2026-04-14 21:16:01.924: [INFO][SyncAuthManager::SetLastAuthError] Current auth error: None
2026-04-14 21:16:01.924: [INFO][SyncAuthManager::EdgeLogTokenErrorState] Token error with: None for account type: MSA
2026-04-14 21:16:01.924: [INFO][Sync] Credentials changed for: EdgeSyncScopeNew
2026-04-14 21:16:02.479: [INFO][SyncAuthManager::SetLastAuthError] Current auth error: None
2026-04-14 21:16:02.479: [INFO][SyncAuthManager::EdgeLogTokenErrorState] Token error with: None for account type: MSA
2026-04-14 21:16:02.479: [INFO][Sync] Credentials changed for: EdgeSyncKeyDataScope
2026-04-14 21:16:02.479: [INFO][SyncEngineBackend::DoUpdateKeyDataCredentials] Update key data credentials
2026-04-14 21:16:02.479: [INFO][SyncEngineBackend::DoUpdateCredentials] Update credentials
2026-04-14 21:16:02.479: [INFO][SyncSchedulerImpl::DoConfigurationSyncCycleJob] Blocked types:  and types to download: Encryption Keys
2026-04-14 21:16:06.898: [INFO][Sync] Started DataTypeManager configuration, reason: 1
2026-04-14 21:16:06.898: [INFO][Sync] Configuring for: Bookmarks, Preferences, Passwords, Autofill Profiles, Autofill, Extensions, Sessions, Extension settings, History Delete Directives, Device Info, User Consents, Send Tab To Self, Web Apps, History, Saved Tab Group, WebAuthn Credentials, Collection, Edge E Drop, Edge Hub App Usage, Edge Wallet, Edge Workspace, Encryption Keys, reason: 1, current state: 0
2026-04-14 21:16:06.899: [INFO][SyncEngineBackend::DoStartConfiguration] Start configuration
2026-04-14 21:16:06.902: [INFO][Sync] Configure, desired: Bookmarks, Preferences, Passwords, Autofill Profiles, Autofill, Extensions, Sessions, Extension settings, History Delete Directives, Device Info, User Consents, Send Tab To Self, Web Apps, History, Saved Tab Group, WebAuthn Credentials, Collection, Edge E Drop, Edge Hub App Usage, Edge Wallet, Edge Workspace, Encryption Keys; Allow fail: 
2026-04-14 21:16:06.902: [INFO][Sync] Loading: Bookmarks
2026-04-14 21:16:06.902: [INFO][Sync] Loading: Preferences
2026-04-14 21:16:06.902: [INFO][Sync] Loading: Passwords
2026-04-14 21:16:06.902: [INFO][Sync] Loading: Autofill Profiles
2026-04-14 21:16:06.902: [INFO][Sync] Loading: Autofill
2026-04-14 21:16:06.902: [INFO][Sync] Loading: Extensions
2026-04-14 21:16:06.902: [INFO][Sync] Loading: Sessions
2026-04-14 21:16:06.902: [INFO][Sync] Loading: Extension settings
2026-04-14 21:16:06.902: [INFO][Sync] Loading: History Delete Directives
2026-04-14 21:16:06.902: [INFO][Sync] Loading: Device Info
2026-04-14 21:16:06.902: [INFO][Sync] Loading: User Consents
2026-04-14 21:16:06.902: [INFO][Sync] Loading: Send Tab To Self
2026-04-14 21:16:06.902: [INFO][Sync] Loading: Web Apps
2026-04-14 21:16:06.902: [INFO][Sync] Loading: History
2026-04-14 21:16:06.902: [INFO][Sync] Loading: Saved Tab Group
2026-04-14 21:16:06.902: [INFO][Sync] Loading: WebAuthn Credentials
2026-04-14 21:16:06.902: [INFO][Sync] Loading: Collection
2026-04-14 21:16:06.902: [INFO][Sync] Loading: Edge E Drop
2026-04-14 21:16:06.902: [INFO][Sync] Loading: Edge Hub App Usage
2026-04-14 21:16:06.902: [INFO][Sync] Loading: Edge Wallet
2026-04-14 21:16:06.902: [INFO][Sync] Loading: Edge Workspace
2026-04-14 21:16:06.911: [INFO][Sync] All data types are ready for configure.
2026-04-14 21:16:06.911: [INFO][SyncManagerImpl::NudgeForInitialDownload] Initial download nudge for Bookmarks
2026-04-14 21:16:06.911: [INFO][SyncManagerImpl::NudgeForInitialDownload] Initial download nudge for Preferences
2026-04-14 21:16:06.911: [INFO][SyncManagerImpl::NudgeForInitialDownload] Initial download nudge for Passwords
2026-04-14 21:16:06.911: [INFO][SyncManagerImpl::NudgeForInitialDownload] Initial download nudge for Autofill Profiles
2026-04-14 21:16:06.911: [INFO][SyncManagerImpl::NudgeForInitialDownload] Initial download nudge for Autofill
2026-04-14 21:16:06.911: [INFO][SyncManagerImpl::NudgeForInitialDownload] Initial download nudge for Extensions
2026-04-14 21:16:06.911: [INFO][SyncManagerImpl::NudgeForInitialDownload] Initial download nudge for Sessions
2026-04-14 21:16:06.911: [INFO][SyncManagerImpl::NudgeForInitialDownload] Initial download nudge for Extension settings
2026-04-14 21:16:06.911: [INFO][SyncManagerImpl::NudgeForInitialDownload] Initial download nudge for History Delete Directives
2026-04-14 21:16:06.911: [INFO][SyncManagerImpl::NudgeForInitialDownload] Initial download nudge for Device Info
2026-04-14 21:16:06.911: [INFO][SyncManagerImpl::NudgeForInitialDownload] Initial download nudge for Send Tab To Self
2026-04-14 21:16:06.911: [INFO][SyncManagerImpl::NudgeForInitialDownload] Initial download nudge for Web Apps
2026-04-14 21:16:06.911: [INFO][SyncManagerImpl::NudgeForInitialDownload] Initial download nudge for History
2026-04-14 21:16:06.911: [INFO][SyncManagerImpl::NudgeForInitialDownload] Initial download nudge for Saved Tab Group
2026-04-14 21:16:06.911: [INFO][SyncManagerImpl::NudgeForInitialDownload] Initial download nudge for WebAuthn Credentials
2026-04-14 21:16:06.911: [INFO][SyncManagerImpl::NudgeForInitialDownload] Initial download nudge for Collection
2026-04-14 21:16:06.911: [INFO][SyncManagerImpl::NudgeForInitialDownload] Initial download nudge for Edge E Drop
2026-04-14 21:16:06.911: [INFO][SyncManagerImpl::NudgeForInitialDownload] Initial download nudge for Edge Hub App Usage
2026-04-14 21:16:06.911: [INFO][SyncManagerImpl::NudgeForInitialDownload] Initial download nudge for Edge Wallet
2026-04-14 21:16:06.911: [INFO][SyncManagerImpl::NudgeForInitialDownload] Initial download nudge for Edge Workspace
2026-04-14 21:16:06.911: [INFO][SyncManagerImpl::ConfigureSyncer] Types to download:  with reason: 1
2026-04-14 21:16:06.911: [INFO][SyncEngineBackend::DoFinishConfigureDataTypes] Failed to download types:  and succeeded types: 
2026-04-14 21:16:06.911: [INFO][Sync] ConfigurationDone, failed: , succeeded: , remaining count: 4
2026-04-14 21:16:06.911: [INFO][Sync] Prepare to configure types: Preferences, Passwords, Device Info, Send Tab To Self, Edge E Drop, Encryption Keys
2026-04-14 21:16:06.911: [INFO][SyncManagerImpl::ConfigureSyncer] Types to download: Preferences, Passwords, Device Info, Send Tab To Self, Edge E Drop, Encryption Keys with reason: 1
2026-04-14 21:16:06.911: [INFO][SyncSchedulerImpl::DoConfigurationSyncCycleJob] Blocked types:  and types to download: Preferences, Passwords, Device Info, Send Tab To Self, Edge E Drop, Encryption Keys
2026-04-14 21:16:07.399: [INFO][SyncEngineBackend::DoFinishConfigureDataTypes] Failed to download types:  and succeeded types: Preferences, Passwords, Device Info, Send Tab To Self, Edge E Drop, Encryption Keys
2026-04-14 21:16:07.402: [INFO][Sync] ConfigurationDone, failed: , succeeded: Preferences, Passwords, Device Info, Send Tab To Self, Edge E Drop, Encryption Keys, remaining count: 3
2026-04-14 21:16:07.402: [INFO][Sync] Prepare to configure types: Bookmarks, Encryption Keys
2026-04-14 21:16:07.402: [INFO][SyncManagerImpl::ConfigureSyncer] Types to download: Bookmarks, Encryption Keys with reason: 1
2026-04-14 21:16:07.402: [INFO][SyncSchedulerImpl::DoConfigurationSyncCycleJob] Blocked types:  and types to download: Bookmarks, Encryption Keys
2026-04-14 21:16:07.565: [INFO][SyncEngineBackend::DoFinishConfigureDataTypes] Failed to download types:  and succeeded types: Bookmarks, Encryption Keys
2026-04-14 21:16:07.567: [INFO][Sync] ConfigurationDone, failed: , succeeded: Bookmarks, Encryption Keys, remaining count: 2
2026-04-14 21:16:07.567: [INFO][Sync] Prepare to configure types: Autofill Profiles, Autofill, Extensions, Sessions, Extension settings, History Delete Directives, Web Apps, Saved Tab Group, WebAuthn Credentials, Collection, Edge Hub App Usage, Edge Wallet, Edge Workspace, Encryption Keys
2026-04-14 21:16:07.567: [INFO][SyncManagerImpl::ConfigureSyncer] Types to download: Autofill Profiles, Autofill, Extensions, Sessions, Extension settings, History Delete Directives, Web Apps, Saved Tab Group, WebAuthn Credentials, Collection, Edge Hub App Usage, Edge Wallet, Edge Workspace, Encryption Keys with reason: 1
2026-04-14 21:16:07.567: [INFO][SyncSchedulerImpl::DoConfigurationSyncCycleJob] Blocked types:  and types to download: Autofill Profiles, Autofill, Extensions, Sessions, Extension settings, History Delete Directives, Web Apps, Saved Tab Group, WebAuthn Credentials, Collection, Edge Hub App Usage, Edge Wallet, Edge Workspace, Encryption Keys
2026-04-14 21:16:07.903: [INFO][SyncEngineBackend::DoFinishConfigureDataTypes] Failed to download types:  and succeeded types: Autofill Profiles, Autofill, Extensions, Sessions, Extension settings, History Delete Directives, Web Apps, Saved Tab Group, WebAuthn Credentials, Collection, Edge Hub App Usage, Edge Wallet, Edge Workspace, Encryption Keys
2026-04-14 21:16:07.906: [INFO][Sync] ConfigurationDone, failed: , succeeded: Autofill Profiles, Autofill, Extensions, Sessions, Extension settings, History Delete Directives, Web Apps, Saved Tab Group, WebAuthn Credentials, Collection, Edge Hub App Usage, Edge Wallet, Edge Workspace, Encryption Keys, remaining count: 1
2026-04-14 21:16:07.908: [INFO][Sync] Prepare to configure types: History, Encryption Keys
2026-04-14 21:16:07.908: [INFO][SyncManagerImpl::ConfigureSyncer] Types to download: History, Encryption Keys with reason: 1
2026-04-14 21:16:07.908: [INFO][SyncSchedulerImpl::DoConfigurationSyncCycleJob] Blocked types:  and types to download: History, Encryption Keys
2026-04-14 21:16:09.075: [INFO][SyncEngineBackend::DoFinishConfigureDataTypes] Failed to download types:  and succeeded types: History, Encryption Keys
2026-04-14 21:16:09.077: [INFO][Sync] ConfigurationDone, failed: , succeeded: History, Encryption Keys, remaining count: 0
2026-04-14 21:16:09.080: [INFO][Sync]     Configuration completed, state: 3
2026-04-14 21:16:09.080: [INFO][Sync] Configured DataTypeManager: Ok
2026-04-14 21:16:09.083: [INFO][SyncEngineBackend::DoStartSyncing] Start syncing
2026-04-14 21:23:29.691: [INFO][Sync] Reset engine, reason: 0
2026-04-14 21:23:29.691: [INFO][Sync] Reset engine with reason: 0
2026-04-15 05:22:25.991: [INFO][Sync] SyncState after authenticated was: FeatureCanStart
2026-04-15 05:22:28.738: [INFO][SyncAuthManager::SetLastAuthError] Current auth error: None
2026-04-15 05:22:28.738: [INFO][SyncAuthManager::EdgeLogTokenErrorState] Token error with: None for account type: MSA
2026-04-15 05:22:28.738: [INFO][Sync] Credentials changed for: EdgeSyncKeyDataScope
2026-04-15 05:22:36.198: [INFO][Sync] Try to start sync engine
2026-04-15 05:22:36.199: [INFO][SyncManagerImpl::NudgeForInitialDownload] Initial download nudge for Encryption Keys
2026-04-15 05:22:36.199: [INFO][SyncEngineBackend::LoadAndConnectNigoriController] Load and connect Nigori controller
2026-04-15 05:22:36.199: [INFO][SyncEngineBackend::DoInitialize] Control Types added: Encryption Keys
2026-04-15 05:22:36.199: [INFO][SyncManagerImpl::ConfigureSyncer] Types to download: Encryption Keys with reason: 3
2026-04-15 05:22:36.199: [INFO][SyncEngineBackend::DoUpdateKeyDataCredentials] Update key data credentials
2026-04-15 05:22:36.199: [INFO][SyncSchedulerImpl::DoConfigurationSyncCycleJob] Configure job was blocked
2026-04-15 05:22:36.207: [INFO][SyncAuthManager::SetLastAuthError] Current auth error: None
2026-04-15 05:22:36.207: [INFO][SyncAuthManager::EdgeLogTokenErrorState] Token error with: None for account type: MSA
2026-04-15 05:22:36.207: [INFO][Sync] Credentials changed for: EdgeSyncScopeNew
2026-04-15 05:22:36.207: [INFO][SyncEngineBackend::DoUpdateCredentials] Update credentials
2026-04-15 05:22:36.207: [INFO][SyncSchedulerImpl::DoConfigurationSyncCycleJob] Blocked types:  and types to download: Encryption Keys
2026-04-15 05:22:36.601: [INFO][SyncEngineBackend::DoUpdateKeyDataCredentials] Update key data credentials
2026-04-15 05:38:08.430: [INFO][Sync] Reset engine, reason: 0
2026-04-15 05:38:08.430: [INFO][Sync] Reset engine with reason: 0
2026-04-15 05:38:52.046: [INFO][Sync] Reset engine, reason: 8
2026-04-15 05:38:52.046: [INFO][Sync] Stopped: Bookmarks
2026-04-15 05:38:52.046: [INFO][Sync] Stopped: Preferences
2026-04-15 05:38:52.046: [INFO][Sync] Stopped: Passwords
2026-04-15 05:38:52.046: [INFO][Sync] Stopped: Autofill Profiles
2026-04-15 05:38:52.046: [INFO][Sync] Stopped: Autofill
2026-04-15 05:38:52.046: [INFO][Sync] Stopped: Extensions
2026-04-15 05:38:52.046: [INFO][Sync] Stopped: Sessions
2026-04-15 05:38:52.046: [INFO][Sync] Stopped: Extension settings
2026-04-15 05:38:52.046: [INFO][Sync] Stopped: History Delete Directives
2026-04-15 05:38:52.046: [INFO][Sync] Stopped: Device Info
2026-04-15 05:38:52.046: [INFO][Sync] Stopped: User Consents
2026-04-15 05:38:52.046: [INFO][Sync] Stopped: Send Tab To Self
2026-04-15 05:38:52.046: [INFO][Sync] Stopped: Web Apps
2026-04-15 05:38:52.046: [INFO][Sync] Stopped: History
2026-04-15 05:38:52.046: [INFO][Sync] Stopped: Saved Tab Group
2026-04-15 05:38:52.046: [INFO][Sync] Stopped: WebAuthn Credentials
2026-04-15 05:38:52.046: [INFO][Sync] Stopped: Collection
2026-04-15 05:38:52.046: [INFO][Sync] Stopped: Edge E Drop
2026-04-15 05:38:52.046: [INFO][Sync] Stopped: Edge Hub App Usage
2026-04-15 05:38:52.046: [INFO][Sync] Stopped: Edge Wallet
2026-04-15 05:38:52.046: [INFO][Sync] Stopped: Edge Workspace
2026-04-15 05:38:52.046: [INFO][Sync] SyncState after authenticated was: NotSignedIn
2026-04-15 05:38:52.434: [INFO][Sync] Reset engine, reason: 8
2026-04-15 05:38:52.434: [INFO][Sync] Stopped: Bookmarks
2026-04-15 05:38:52.434: [INFO][Sync] Stopped: Preferences
2026-04-15 05:38:52.434: [INFO][Sync] Stopped: Passwords
2026-04-15 05:38:52.434: [INFO][Sync] Stopped: Autofill Profiles
2026-04-15 05:38:52.434: [INFO][Sync] Stopped: Autofill
2026-04-15 05:38:52.434: [INFO][Sync] Stopped: Extensions
2026-04-15 05:38:52.434: [INFO][Sync] Stopped: Sessions
2026-04-15 05:38:52.434: [INFO][Sync] Stopped: Extension settings
2026-04-15 05:38:52.434: [INFO][Sync] Stopped: History Delete Directives
2026-04-15 05:38:52.434: [INFO][Sync] Stopped: Device Info
2026-04-15 05:38:52.434: [INFO][Sync] Stopped: User Consents
2026-04-15 05:38:52.434: [INFO][Sync] Stopped: Send Tab To Self
2026-04-15 05:38:52.434: [INFO][Sync] Stopped: Web Apps
2026-04-15 05:38:52.434: [INFO][Sync] Stopped: History
2026-04-15 05:38:52.434: [INFO][Sync] Stopped: Saved Tab Group
2026-04-15 05:38:52.434: [INFO][Sync] Stopped: WebAuthn Credentials
2026-04-15 05:38:52.434: [INFO][Sync] Stopped: Collection
2026-04-15 05:38:52.434: [INFO][Sync] Stopped: Edge E Drop
2026-04-15 05:38:52.434: [INFO][Sync] Stopped: Edge Hub App Usage
2026-04-15 05:38:52.434: [INFO][Sync] Stopped: Edge Wallet
2026-04-15 05:38:52.434: [INFO][Sync] Stopped: Edge Workspace
2026-04-15 05:38:54.877: [INFO][Sync] Try to start sync engine
2026-04-15 05:38:54.878: [INFO][SyncManagerImpl::NudgeForInitialDownload] Initial download nudge for Encryption Keys
2026-04-15 05:38:54.878: [INFO][SyncEngineBackend::LoadAndConnectNigoriController] Load and connect Nigori controller
2026-04-15 05:38:54.878: [INFO][SyncEngineBackend::DoInitialize] Control Types added: Encryption Keys
2026-04-15 05:38:54.878: [INFO][SyncManagerImpl::ConfigureSyncer] Types to download: Encryption Keys with reason: 3
2026-04-15 05:38:54.878: [INFO][SyncSchedulerImpl::DoConfigurationSyncCycleJob] Configure job was blocked
2026-04-15 05:38:54.903: [INFO][SyncAuthManager::SetLastAuthError] Current auth error: None
2026-04-15 05:38:54.903: [INFO][SyncAuthManager::EdgeLogTokenErrorState] Token error with: None for account type: MSA
2026-04-15 05:38:54.903: [INFO][Sync] Credentials changed for: EdgeSyncScopeNew
2026-04-15 05:38:55.507: [INFO][SyncAuthManager::SetLastAuthError] Current auth error: None
2026-04-15 05:38:55.507: [INFO][SyncAuthManager::EdgeLogTokenErrorState] Token error with: None for account type: MSA
2026-04-15 05:38:55.507: [INFO][Sync] Credentials changed for: EdgeSyncKeyDataScope
2026-04-15 05:38:55.507: [INFO][SyncEngineBackend::DoUpdateKeyDataCredentials] Update key data credentials
2026-04-15 05:38:55.507: [INFO][SyncEngineBackend::DoUpdateCredentials] Update credentials
2026-04-15 05:38:55.507: [INFO][SyncSchedulerImpl::DoConfigurationSyncCycleJob] Blocked types:  and types to download: Encryption Keys
2026-04-15 05:38:59.880: [INFO][Sync] Started DataTypeManager configuration, reason: 1
2026-04-15 05:38:59.880: [INFO][Sync] Configuring for: Bookmarks, Preferences, Passwords, Autofill Profiles, Autofill, Extensions, Sessions, Extension settings, History Delete Directives, Device Info, User Consents, Send Tab To Self, Web Apps, History, Saved Tab Group, WebAuthn Credentials, Collection, Edge E Drop, Edge Hub App Usage, Edge Wallet, Edge Workspace, Encryption Keys, reason: 1, current state: 0
2026-04-15 05:38:59.881: [INFO][SyncEngineBackend::DoStartConfiguration] Start configuration
2026-04-15 05:38:59.883: [INFO][Sync] Configure, desired: Bookmarks, Preferences, Passwords, Autofill Profiles, Autofill, Extensions, Sessions, Extension settings, History Delete Directives, Device Info, User Consents, Send Tab To Self, Web Apps, History, Saved Tab Group, WebAuthn Credentials, Collection, Edge E Drop, Edge Hub App Usage, Edge Wallet, Edge Workspace, Encryption Keys; Allow fail: 
2026-04-15 05:38:59.884: [INFO][Sync] Loading: Bookmarks
2026-04-15 05:38:59.884: [INFO][Sync] Loading: Preferences
2026-04-15 05:38:59.884: [INFO][Sync] Loading: Passwords
2026-04-15 05:38:59.884: [INFO][Sync] Loading: Autofill Profiles
2026-04-15 05:38:59.884: [INFO][Sync] Loading: Autofill
2026-04-15 05:38:59.884: [INFO][Sync] Loading: Extensions
2026-04-15 05:38:59.884: [INFO][Sync] Loading: Sessions
2026-04-15 05:38:59.884: [INFO][Sync] Loading: Extension settings
2026-04-15 05:38:59.884: [INFO][Sync] Loading: History Delete Directives
2026-04-15 05:38:59.884: [INFO][Sync] Loading: Device Info
2026-04-15 05:38:59.884: [INFO][Sync] Loading: User Consents
2026-04-15 05:38:59.884: [INFO][Sync] Loading: Send Tab To Self
2026-04-15 05:38:59.884: [INFO][Sync] Loading: Web Apps
2026-04-15 05:38:59.884: [INFO][Sync] Loading: History
2026-04-15 05:38:59.884: [INFO][Sync] Loading: Saved Tab Group
2026-04-15 05:38:59.884: [INFO][Sync] Loading: WebAuthn Credentials
2026-04-15 05:38:59.884: [INFO][Sync] Loading: Collection
2026-04-15 05:38:59.884: [INFO][Sync] Loading: Edge E Drop
2026-04-15 05:38:59.884: [INFO][Sync] Loading: Edge Hub App Usage
2026-04-15 05:38:59.884: [INFO][Sync] Loading: Edge Wallet
2026-04-15 05:38:59.884: [INFO][Sync] Loading: Edge Workspace
2026-04-15 05:38:59.887: [INFO][Sync] All data types are ready for configure.
2026-04-15 05:38:59.887: [INFO][SyncManagerImpl::NudgeForInitialDownload] Initial download nudge for Bookmarks
2026-04-15 05:38:59.887: [INFO][SyncManagerImpl::NudgeForInitialDownload] Initial download nudge for Preferences
2026-04-15 05:38:59.887: [INFO][SyncManagerImpl::NudgeForInitialDownload] Initial download nudge for Passwords
2026-04-15 05:38:59.887: [INFO][SyncManagerImpl::NudgeForInitialDownload] Initial download nudge for Autofill Profiles
2026-04-15 05:38:59.887: [INFO][SyncManagerImpl::NudgeForInitialDownload] Initial download nudge for Autofill
2026-04-15 05:38:59.887: [INFO][SyncManagerImpl::NudgeForInitialDownload] Initial download nudge for Extensions
2026-04-15 05:38:59.887: [INFO][SyncManagerImpl::NudgeForInitialDownload] Initial download nudge for Sessions
2026-04-15 05:38:59.887: [INFO][SyncManagerImpl::NudgeForInitialDownload] Initial download nudge for Extension settings
2026-04-15 05:38:59.887: [INFO][SyncManagerImpl::NudgeForInitialDownload] Initial download nudge for History Delete Directives
2026-04-15 05:38:59.887: [INFO][SyncManagerImpl::NudgeForInitialDownload] Initial download nudge for Device Info
2026-04-15 05:38:59.887: [INFO][SyncManagerImpl::NudgeForInitialDownload] Initial download nudge for Send Tab To Self
2026-04-15 05:38:59.887: [INFO][SyncManagerImpl::NudgeForInitialDownload] Initial download nudge for Web Apps
2026-04-15 05:38:59.887: [INFO][SyncManagerImpl::NudgeForInitialDownload] Initial download nudge for History
2026-04-15 05:38:59.887: [INFO][SyncManagerImpl::NudgeForInitialDownload] Initial download nudge for Saved Tab Group
2026-04-15 05:38:59.887: [INFO][SyncManagerImpl::NudgeForInitialDownload] Initial download nudge for WebAuthn Credentials
2026-04-15 05:38:59.887: [INFO][SyncManagerImpl::NudgeForInitialDownload] Initial download nudge for Collection
2026-04-15 05:38:59.887: [INFO][SyncManagerImpl::NudgeForInitialDownload] Initial download nudge for Edge E Drop
2026-04-15 05:38:59.887: [INFO][SyncManagerImpl::NudgeForInitialDownload] Initial download nudge for Edge Hub App Usage
2026-04-15 05:38:59.887: [INFO][SyncManagerImpl::NudgeForInitialDownload] Initial download nudge for Edge Wallet
2026-04-15 05:38:59.887: [INFO][SyncManagerImpl::NudgeForInitialDownload] Initial download nudge for Edge Workspace
2026-04-15 05:38:59.887: [INFO][SyncManagerImpl::ConfigureSyncer] Types to download:  with reason: 1
2026-04-15 05:38:59.887: [INFO][SyncEngineBackend::DoFinishConfigureDataTypes] Failed to download types:  and succeeded types: 
2026-04-15 05:38:59.893: [INFO][Sync] ConfigurationDone, failed: , succeeded: , remaining count: 4
2026-04-15 05:38:59.893: [INFO][Sync] Prepare to configure types: Preferences, Passwords, Device Info, Send Tab To Self, Edge E Drop, Encryption Keys
2026-04-15 05:38:59.893: [INFO][SyncManagerImpl::ConfigureSyncer] Types to download: Preferences, Passwords, Device Info, Send Tab To Self, Edge E Drop, Encryption Keys with reason: 1
2026-04-15 05:38:59.893: [INFO][SyncSchedulerImpl::DoConfigurationSyncCycleJob] Blocked types:  and types to download: Preferences, Passwords, Device Info, Send Tab To Self, Edge E Drop, Encryption Keys
2026-04-15 05:39:00.386: [INFO][SyncEngineBackend::DoFinishConfigureDataTypes] Failed to download types:  and succeeded types: Preferences, Passwords, Device Info, Send Tab To Self, Edge E Drop, Encryption Keys
2026-04-15 05:39:00.388: [INFO][Sync] ConfigurationDone, failed: , succeeded: Preferences, Passwords, Device Info, Send Tab To Self, Edge E Drop, Encryption Keys, remaining count: 3
2026-04-15 05:39:00.388: [INFO][Sync] Prepare to configure types: Bookmarks, Encryption Keys
2026-04-15 05:39:00.388: [INFO][SyncManagerImpl::ConfigureSyncer] Types to download: Bookmarks, Encryption Keys with reason: 1
2026-04-15 05:39:00.388: [INFO][SyncSchedulerImpl::DoConfigurationSyncCycleJob] Blocked types:  and types to download: Bookmarks, Encryption Keys
2026-04-15 05:39:01.265: [INFO][SyncEngineBackend::DoFinishConfigureDataTypes] Failed to download types:  and succeeded types: Bookmarks, Encryption Keys
2026-04-15 05:39:01.268: [INFO][Sync] ConfigurationDone, failed: , succeeded: Bookmarks, Encryption Keys, remaining count: 2
2026-04-15 05:39:01.268: [INFO][Sync] Prepare to configure types: Autofill Profiles, Autofill, Extensions, Sessions, Extension settings, History Delete Directives, Web Apps, Saved Tab Group, WebAuthn Credentials, Collection, Edge Hub App Usage, Edge Wallet, Edge Workspace, Encryption Keys
2026-04-15 05:39:01.295: [INFO][SyncManagerImpl::ConfigureSyncer] Types to download: Autofill Profiles, Autofill, Extensions, Sessions, Extension settings, History Delete Directives, Web Apps, Saved Tab Group, WebAuthn Credentials, Collection, Edge Hub App Usage, Edge Wallet, Edge Workspace, Encryption Keys with reason: 1
2026-04-15 05:39:01.296: [INFO][SyncSchedulerImpl::DoConfigurationSyncCycleJob] Blocked types:  and types to download: Autofill Profiles, Autofill, Extensions, Sessions, Extension settings, History Delete Directives, Web Apps, Saved Tab Group, WebAuthn Credentials, Collection, Edge Hub App Usage, Edge Wallet, Edge Workspace, Encryption Keys
2026-04-15 05:39:01.553: [INFO][SyncEngineBackend::DoFinishConfigureDataTypes] Failed to download types:  and succeeded types: Autofill Profiles, Autofill, Extensions, Sessions, Extension settings, History Delete Directives, Web Apps, Saved Tab Group, WebAuthn Credentials, Collection, Edge Hub App Usage, Edge Wallet, Edge Workspace, Encryption Keys
2026-04-15 05:39:01.556: [INFO][Sync] ConfigurationDone, failed: , succeeded: Autofill Profiles, Autofill, Extensions, Sessions, Extension settings, History Delete Directives, Web Apps, Saved Tab Group, WebAuthn Credentials, Collection, Edge Hub App Usage, Edge Wallet, Edge Workspace, Encryption Keys, remaining count: 1
2026-04-15 05:39:01.559: [INFO][Sync] Prepare to configure types: History, Encryption Keys
2026-04-15 05:39:01.559: [INFO][SyncManagerImpl::ConfigureSyncer] Types to download: History, Encryption Keys with reason: 1
2026-04-15 05:39:01.559: [INFO][SyncSchedulerImpl::DoConfigurationSyncCycleJob] Blocked types:  and types to download: History, Encryption Keys
2026-04-15 05:39:02.882: [INFO][SyncEngineBackend::DoFinishConfigureDataTypes] Failed to download types:  and succeeded types: History, Encryption Keys
2026-04-15 05:39:02.885: [INFO][Sync] ConfigurationDone, failed: , succeeded: History, Encryption Keys, remaining count: 0
2026-04-15 05:39:02.887: [INFO][Sync]     Configuration completed, state: 3
2026-04-15 05:39:02.887: [INFO][Sync] Configured DataTypeManager: Ok
2026-04-15 05:39:02.895: [INFO][SyncEngineBackend::DoStartSyncing] Start syncing
2026-04-15 05:47:55.457: [INFO][Sync] Reset engine, reason: 0
2026-04-15 05:47:55.457: [INFO][Sync] Reset engine with reason: 0
2026-04-15 05:48:28.135: [INFO][Sync] SyncState after authenticated was: FeatureCanStart
2026-04-15 05:48:29.642: [INFO][SyncAuthManager::SetLastAuthError] Current auth error: None
2026-04-15 05:48:29.642: [INFO][SyncAuthManager::EdgeLogTokenErrorState] Token error with: None for account type: MSA
2026-04-15 05:48:29.642: [INFO][Sync] Credentials changed for: EdgeSyncKeyDataScope
2026-04-15 05:48:35.777: [INFO][Sync] Try to start sync engine
2026-04-15 05:48:35.778: [INFO][SyncManagerImpl::NudgeForInitialDownload] Initial download nudge for Encryption Keys
2026-04-15 05:48:35.778: [INFO][SyncEngineBackend::LoadAndConnectNigoriController] Load and connect Nigori controller
2026-04-15 05:48:35.778: [INFO][SyncEngineBackend::DoInitialize] Control Types added: Encryption Keys
2026-04-15 05:48:35.778: [INFO][SyncManagerImpl::ConfigureSyncer] Types to download: Encryption Keys with reason: 3
2026-04-15 05:48:35.778: [INFO][SyncEngineBackend::DoUpdateKeyDataCredentials] Update key data credentials
2026-04-15 05:48:35.778: [INFO][SyncSchedulerImpl::DoConfigurationSyncCycleJob] Configure job was blocked
2026-04-15 05:48:35.785: [INFO][SyncAuthManager::SetLastAuthError] Current auth error: None
2026-04-15 05:48:35.785: [INFO][SyncAuthManager::EdgeLogTokenErrorState] Token error with: None for account type: MSA
2026-04-15 05:48:35.785: [INFO][Sync] Credentials changed for: EdgeSyncScopeNew
2026-04-15 05:48:35.785: [INFO][SyncEngineBackend::DoUpdateCredentials] Update credentials
2026-04-15 05:48:35.785: [INFO][SyncEngineBackend::DoUpdateKeyDataCredentials] Update key data credentials
2026-04-15 05:48:35.785: [INFO][SyncSchedulerImpl::DoConfigurationSyncCycleJob] Blocked types:  and types to download: Encryption Keys
2026-04-15 05:50:42.601: [INFO][Sync] Reset engine, reason: 0
2026-04-15 05:50:42.601: [INFO][Sync] Reset engine with reason: 0
